Jul-01 19:42:27.345 [main] DEBUG nextflow.cli.Launcher - $> nextflow run /mnt/lustre/scratch/CBRA/research/projects/tcga_mm/code/09_drug_repository/dr-pipeline/main.nf -profile slurm,singularity -resume -params-file /mnt/lustre/scratch/CBRA/research/projects/tcga_mm/code/09_drug_repository/09_4_drexml_gtex/skin_tcga_skcm/params_custom_circuits_male.yml
Jul-01 19:42:27.756 [main] DEBUG nextflow.cli.CmdRun - N E X T F L O W  ~  version 24.04.2
Jul-01 19:42:27.799 [main] DEBUG nextflow.plugin.PluginsFacade - Setting up plugin manager > mode=prod; embedded=false; plugins-dir=/home/mlopez/.nextflow/plugins; core-plugins: nf-amazon@2.5.2,nf-azure@1.6.0,nf-cloudcache@0.4.1,nf-codecommit@0.2.0,nf-console@1.1.3,nf-ga4gh@1.3.0,nf-google@1.13.2,nf-tower@1.9.1,nf-wave@1.4.2
Jul-01 19:42:27.876 [main] INFO  o.pf4j.DefaultPluginStatusProvider - Enabled plugins: []
Jul-01 19:42:27.877 [main] INFO  o.pf4j.DefaultPluginStatusProvider - Disabled plugins: []
Jul-01 19:42:27.880 [main] INFO  org.pf4j.DefaultPluginManager - PF4J version 3.10.0 in 'deployment' mode
Jul-01 19:42:27.907 [main] INFO  org.pf4j.AbstractPluginManager - No plugins
Jul-01 19:42:27.948 [main] DEBUG nextflow.config.ConfigBuilder - Found config base: /mnt/lustre/scratch/CBRA/research/projects/tcga_mm/code/09_drug_repository/dr-pipeline/nextflow.config
Jul-01 19:42:27.968 [main] DEBUG nextflow.config.ConfigBuilder - Parsing config file: /mnt/lustre/scratch/CBRA/research/projects/tcga_mm/code/09_drug_repository/dr-pipeline/nextflow.config
Jul-01 19:42:28.033 [main] DEBUG n.secret.LocalSecretsProvider - Secrets store: /home/mlopez/.nextflow/secrets/store.json
Jul-01 19:42:28.035 [main] DEBUG nextflow.secret.SecretsLoader - Discovered secrets providers: [nextflow.secret.LocalSecretsProvider@4690f583] - activable => nextflow.secret.LocalSecretsProvider@4690f583
Jul-01 19:42:28.184 [main] DEBUG nextflow.config.ConfigBuilder - Applying config profile: `slurm,singularity`
Jul-01 19:42:29.640 [main] DEBUG nextflow.config.ConfigBuilder - Available config profiles: [slurm, debug, singularity, docker]
Jul-01 19:42:29.789 [main] DEBUG nextflow.cli.CmdRun - Applied DSL=2 from script declaration
Jul-01 19:42:29.818 [main] DEBUG nextflow.cli.CmdRun - Launching `/mnt/lustre/scratch/CBRA/research/projects/tcga_mm/code/09_drug_repository/dr-pipeline/main.nf` [chaotic_curie] DSL2 - revision: 81a7476e61
Jul-01 19:42:29.820 [main] DEBUG nextflow.plugin.PluginsFacade - Plugins default=[]
Jul-01 19:42:29.820 [main] DEBUG nextflow.plugin.PluginsFacade - Plugins resolved requirement=[]
Jul-01 19:42:29.917 [main] DEBUG nextflow.Session - Session UUID: 27516f41-b59b-48e5-bccc-824f51e4b06c
Jul-01 19:42:29.917 [main] DEBUG nextflow.Session - Run name: chaotic_curie
Jul-01 19:42:29.918 [main] DEBUG nextflow.Session - Executor pool size: 2
Jul-01 19:42:29.948 [main] DEBUG nextflow.file.FilePorter - File porter settings maxRetries=3; maxTransfers=50; pollTimeout=null
Jul-01 19:42:29.953 [main] DEBUG nextflow.util.ThreadPoolBuilder - Creating thread pool 'FileTransfer' minSize=10; maxSize=10; workQueue=LinkedBlockingQueue[10000]; allowCoreThreadTimeout=false
Jul-01 19:42:30.111 [main] DEBUG nextflow.cli.CmdRun - 
  Version: 24.04.2 build 5914
  Created: 29-05-2024 06:19 UTC (08:19 CEST)
  System: Linux 4.18.0-348.12.2.el8_5.x86_64
  Runtime: Groovy 4.0.21 on OpenJDK 64-Bit Server VM 17.0.11-internal+0-adhoc..src
  Encoding: UTF-8 (UTF-8)
  Process: 1371427@c02 [10.3.1.2]
  CPUs: 1 - Mem: 300 GB (299.2 GB) - Swap: 0 (0)
Jul-01 19:42:30.432 [main] DEBUG nextflow.Session - Work-dir: /mnt/lustre/scratch/CBRA/research/projects/tcga_mm/code/09_drug_repository/09_4_drexml_gtex/work [lustre]
Jul-01 19:42:30.436 [main] DEBUG nextflow.Session - Script base path does not exist or is not a directory: /mnt/lustre/scratch/CBRA/research/projects/tcga_mm/code/09_drug_repository/dr-pipeline/bin
Jul-01 19:42:30.446 [main] DEBUG nextflow.executor.ExecutorFactory - Extension executors providers=[]
Jul-01 19:42:30.465 [main] DEBUG nextflow.Session - Observer factory: DefaultObserverFactory
Jul-01 19:42:30.577 [main] DEBUG nextflow.cache.CacheFactory - Using Nextflow cache factory: nextflow.cache.DefaultCacheFactory
Jul-01 19:42:30.592 [main] DEBUG nextflow.util.CustomThreadPool - Creating default thread pool > poolSize: 2; maxThreads: 1000
Jul-01 19:42:31.023 [main] DEBUG nextflow.Session - Session start
Jul-01 19:42:31.036 [main] DEBUG nextflow.trace.TraceFileObserver - Workflow started -- trace file: /mnt/lustre/scratch/CBRA/research/projects/tcga_mm/results/09_drug_repository/09_4_drexml_gtex/skin_tcga_skcm/skin_tcga_skcm_male/report/execution_trace.txt
Jul-01 19:42:32.304 [main] DEBUG nextflow.script.ScriptRunner - > Launching execution
Jul-01 19:42:33.927 [main] INFO  nextflow.Nextflow - Input parameters:
Jul-01 19:42:33.929 [main] INFO  nextflow.script.BaseScript - disease_map_circuits: /mnt/lustre/scratch/CBRA/research/projects/tcga_mm/results/09_drug_repository/09_2_circuits_sign_limma_tumvsctrl/circuits_male_tcga_skcm.tsv
Jul-01 19:42:33.929 [main] INFO  nextflow.script.BaseScript - use_disgenet: true
Jul-01 19:42:33.930 [main] INFO  nextflow.script.BaseScript - drexml_target_genes: /mnt/lustre/scratch/CBRA/research/projects/tcga_mm/results/09_drug_repository/09_3_drugbank_used/09_3_drugbank_gene_targets_tcga_skcm.tsv
Jul-01 19:42:33.930 [main] INFO  nextflow.script.BaseScript - gtex: /mnt/lustre/scratch/CBRA/research/projects/tcga_mm/results/09_drug_repository/09_1_genexpresion_gtex_tiss_ctrol/gtex_geneexp_male_skin.tsv
Jul-01 19:42:33.930 [main] INFO  nextflow.script.BaseScript - atc: https://zenodo.org/records/7969017/files/ATC.csv.gz
Jul-01 19:42:33.930 [main] INFO  nextflow.script.BaseScript - drugbank: https://zenodo.org/records/7969017/files/drugbank-v050108.xml.gz
Jul-01 19:42:33.930 [main] INFO  nextflow.script.BaseScript - output_folder: /mnt/lustre/scratch/CBRA/research/projects/tcga_mm/results/09_drug_repository/09_4_drexml_gtex/skin_tcga_skcm/skin_tcga_skcm_male
Jul-01 19:42:33.931 [main] INFO  nextflow.script.BaseScript - container__python: dlopezbioinfo/dr-pipeline:python-master-3016828
Jul-01 19:42:33.931 [main] INFO  nextflow.script.BaseScript - container__r: dlopezbioinfo/dr-pipeline:r-master-f7f998c
Jul-01 19:42:33.931 [main] INFO  nextflow.script.BaseScript - container__drexml: dlopezbioinfo/dr-pipeline:drexml-master-1db6105
Jul-01 19:42:33.931 [main] INFO  nextflow.script.BaseScript - phys_paths: https://zenodo.org/records/7969017/files/physiological_paths.tsv
Jul-01 19:42:33.931 [main] INFO  nextflow.Nextflow - --------------------------

Jul-01 19:42:34.019 [main] INFO  nextflow.Nextflow - INFO: target genes taken from /mnt/lustre/scratch/CBRA/research/projects/tcga_mm/results/09_drug_repository/09_3_drugbank_used/09_3_drugbank_gene_targets_tcga_skcm.tsv
Jul-01 19:42:34.113 [main] DEBUG nextflow.script.ProcessConfig - Config settings `withLabel:low_proc` matches labels `low_proc` for process with name PARSE_HIPATHIA
Jul-01 19:42:34.141 [main] DEBUG nextflow.executor.ExecutorFactory - << taskConfig executor: slurm
Jul-01 19:42:34.142 [main] DEBUG nextflow.executor.ExecutorFactory - >> processorType: 'slurm'
Jul-01 19:42:34.160 [main] DEBUG nextflow.executor.Executor - [warm up] executor > slurm
Jul-01 19:42:34.165 [main] DEBUG n.processor.TaskPollingMonitor - Creating task monitor for executor 'slurm' > capacity: 100; pollInterval: 5s; dumpInterval: 5m 
Jul-01 19:42:34.167 [main] DEBUG n.processor.TaskPollingMonitor - >>> barrier register (monitor: slurm)
Jul-01 19:42:34.196 [main] DEBUG n.executor.AbstractGridExecutor - Creating executor 'slurm' > queue-stat-interval: 1m
Jul-01 19:42:34.312 [main] DEBUG nextflow.script.ProcessConfig - Config settings `withLabel:high_mem` matches labels `high_mem` for process with name HIPATHIA_CONV
Jul-01 19:42:34.315 [main] DEBUG nextflow.executor.ExecutorFactory - << taskConfig executor: slurm
Jul-01 19:42:34.315 [main] DEBUG nextflow.executor.ExecutorFactory - >> processorType: 'slurm'
Jul-01 19:42:34.326 [main] DEBUG nextflow.script.ProcessConfig - Config settings `withLabel:low_proc` matches labels `low_proc` for process with name ANNOTATE_HIPATHIA
Jul-01 19:42:34.328 [main] DEBUG nextflow.executor.ExecutorFactory - << taskConfig executor: slurm
Jul-01 19:42:34.328 [main] DEBUG nextflow.executor.ExecutorFactory - >> processorType: 'slurm'
Jul-01 19:42:34.332 [main] INFO  nextflow.Nextflow - INFO: Disease map circuit list taken from /mnt/lustre/scratch/CBRA/research/projects/tcga_mm/results/09_drug_repository/09_2_circuits_sign_limma_tumvsctrl/circuits_male_tcga_skcm.tsv
Jul-01 19:42:34.355 [main] DEBUG nextflow.script.ProcessConfig - Config settings `withLabel:high_mem` matches labels `high_mem` for process with name COLLAPSE_GTEX_ENSEMBL
Jul-01 19:42:34.356 [main] DEBUG nextflow.executor.ExecutorFactory - << taskConfig executor: slurm
Jul-01 19:42:34.356 [main] DEBUG nextflow.executor.ExecutorFactory - >> processorType: 'slurm'
Jul-01 19:42:34.364 [main] DEBUG nextflow.script.ProcessConfig - Config settings `withLabel:high_mem` matches labels `high_mem` for process with name GTEX_ENTREZ_CONV
Jul-01 19:42:34.366 [main] DEBUG nextflow.executor.ExecutorFactory - << taskConfig executor: slurm
Jul-01 19:42:34.367 [main] DEBUG nextflow.executor.ExecutorFactory - >> processorType: 'slurm'
Jul-01 19:42:34.375 [main] DEBUG nextflow.script.ProcessConfig - Config settings `withLabel:high_mem` matches labels `high_mem` for process with name COLLAPSE_GTEX_SYMBOL
Jul-01 19:42:34.377 [main] DEBUG nextflow.executor.ExecutorFactory - << taskConfig executor: slurm
Jul-01 19:42:34.377 [main] DEBUG nextflow.executor.ExecutorFactory - >> processorType: 'slurm'
Jul-01 19:42:34.407 [main] DEBUG nextflow.script.ProcessConfig - Config settings `withLabel:low_proc` matches labels `low_proc` for process with name NORMALIZE_GTEX
Jul-01 19:42:34.409 [main] DEBUG nextflow.executor.ExecutorFactory - << taskConfig executor: slurm
Jul-01 19:42:34.409 [main] DEBUG nextflow.executor.ExecutorFactory - >> processorType: 'slurm'
Jul-01 19:42:34.508 [main] DEBUG nextflow.script.ProcessConfig - Config settings `withLabel:low_proc` matches labels `low_proc` for process with name CIRCUIT_ACTIVITY_GTEX
Jul-01 19:42:34.510 [main] DEBUG nextflow.executor.ExecutorFactory - << taskConfig executor: slurm
Jul-01 19:42:34.510 [main] DEBUG nextflow.executor.ExecutorFactory - >> processorType: 'slurm'
Jul-01 19:42:34.543 [main] DEBUG nextflow.script.ProcessConfig - Config settings `withLabel:single_proc` matches labels `single_proc` for process with name CONCATENATE_CIRCUIT_ACTIVITIES
Jul-01 19:42:34.544 [main] DEBUG nextflow.executor.ExecutorFactory - << taskConfig executor: slurm
Jul-01 19:42:34.544 [main] DEBUG nextflow.executor.ExecutorFactory - >> processorType: 'slurm'
Jul-01 19:42:34.553 [main] DEBUG nextflow.script.ProcessConfig - Config settings `withLabel:low_proc` matches labels `low_proc` for process with name GTEX_SYMBOL_CONV
Jul-01 19:42:34.555 [main] DEBUG nextflow.executor.ExecutorFactory - << taskConfig executor: slurm
Jul-01 19:42:34.555 [main] DEBUG nextflow.executor.ExecutorFactory - >> processorType: 'slurm'
Jul-01 19:42:34.562 [main] DEBUG nextflow.script.ProcessConfig - Config settings `withLabel:low_proc` matches labels `low_proc` for process with name CREATE_DREXML_ENV
Jul-01 19:42:34.564 [main] DEBUG nextflow.executor.ExecutorFactory - << taskConfig executor: slurm
Jul-01 19:42:34.565 [main] DEBUG nextflow.executor.ExecutorFactory - >> processorType: 'slurm'
Jul-01 19:42:34.601 [main] DEBUG nextflow.script.ProcessConfig - Config settings `withLabel:high_proc` matches labels `high_proc` for process with name RUN_DREXML
Jul-01 19:42:34.604 [main] DEBUG nextflow.executor.ExecutorFactory - << taskConfig executor: slurm
Jul-01 19:42:34.604 [main] DEBUG nextflow.executor.ExecutorFactory - >> processorType: 'slurm'
Jul-01 19:42:34.613 [main] DEBUG nextflow.script.ProcessConfig - Config settings `withLabel:low_proc` matches labels `low_proc` for process with name PLOT_DREXML
Jul-01 19:42:34.615 [main] DEBUG nextflow.executor.ExecutorFactory - << taskConfig executor: slurm
Jul-01 19:42:34.615 [main] DEBUG nextflow.executor.ExecutorFactory - >> processorType: 'slurm'
Jul-01 19:42:34.619 [main] DEBUG nextflow.Session - Workflow process names [dsl2]: HIPATHIA_CONV, GTEX_SYMBOL_CONV, DISGENET_CONV, GENES_FROM_DISGENET, COLLAPSE_GTEX_ENSEMBL, RUN_DREXML, CONCATENATE_CIRCUIT_ACTIVITIES, DRUGBANK_GENE_TARGETS, NORMALIZE_GTEX, PLOT_DREXML, GTEX_ENTREZ_CONV, PARSE_HIPATHIA, GENES_TO_CIRCUITS, CALCULATE_CIRCUIT_ACTIVITY, NORMALIZE_EXPR, COLLAPSE_GTEX_SYMBOL, CIRCUIT_ACTIVITY_GTEX, GENE_ID_CONVERSION, GET_GTEX_MAP, CREATE_DREXML_ENV, PARSE_DRUGBANK_XML, DRUGBANK_CONV, COLLAPSE_COUNTS, ANNOTATE_DRUGBANK, ANNOTATE_HIPATHIA
Jul-01 19:42:34.619 [main] DEBUG nextflow.Session - Igniting dataflow network (20)
Jul-01 19:42:34.662 [main] DEBUG nextflow.processor.TaskProcessor - Starting process > PARSE_HIPATHIA
Jul-01 19:42:34.663 [main] DEBUG nextflow.processor.TaskProcessor - Starting process > HIPATHIA_CONV
Jul-01 19:42:34.669 [main] DEBUG nextflow.processor.TaskProcessor - Starting process > ANNOTATE_HIPATHIA
Jul-01 19:42:34.670 [main] DEBUG nextflow.processor.TaskProcessor - Starting process > COLLAPSE_GTEX_ENSEMBL
Jul-01 19:42:34.671 [main] DEBUG nextflow.processor.TaskProcessor - Starting process > GTEX_ENTREZ_CONV
Jul-01 19:42:34.672 [main] DEBUG nextflow.processor.TaskProcessor - Starting process > COLLAPSE_GTEX_SYMBOL
Jul-01 19:42:34.677 [main] DEBUG nextflow.processor.TaskProcessor - Starting process > NORMALIZE_GTEX
Jul-01 19:42:34.698 [main] DEBUG nextflow.processor.TaskProcessor - Starting process > CIRCUIT_ACTIVITY_GTEX
Jul-01 19:42:34.698 [main] DEBUG nextflow.processor.TaskProcessor - Starting process > CONCATENATE_CIRCUIT_ACTIVITIES
Jul-01 19:42:34.698 [main] DEBUG nextflow.processor.TaskProcessor - Starting process > GTEX_SYMBOL_CONV
Jul-01 19:42:34.698 [main] DEBUG nextflow.processor.TaskProcessor - Starting process > CREATE_DREXML_ENV
Jul-01 19:42:34.698 [main] DEBUG nextflow.processor.TaskProcessor - Starting process > RUN_DREXML
Jul-01 19:42:34.708 [main] DEBUG nextflow.processor.TaskProcessor - Starting process > PLOT_DREXML
Jul-01 19:42:34.708 [main] DEBUG nextflow.script.ScriptRunner - Parsed script files:
  Script_3151dc3f7cdd9468: /mnt/lustre/scratch/CBRA/research/projects/tcga_mm/code/09_drug_repository/dr-pipeline/./modules/concatenate_circuit_activities.nf
  Script_9f619dcc4b0dd073: /mnt/lustre/scratch/CBRA/research/projects/tcga_mm/code/09_drug_repository/dr-pipeline/./modules/create_exp_design.nf
  Script_87b0ae071c2a3574: /mnt/lustre/scratch/CBRA/research/projects/tcga_mm/code/09_drug_repository/dr-pipeline/main.nf
  Script_bf0306db0f66030e: /mnt/lustre/scratch/CBRA/research/projects/tcga_mm/code/09_drug_repository/dr-pipeline/./modules/normalize_expr.nf
  Script_66a0fd290bd808ab: /mnt/lustre/scratch/CBRA/research/projects/tcga_mm/code/09_drug_repository/dr-pipeline/./modules/parse_hipathia.nf
  Script_209bc76c4dc5e6ed: /mnt/lustre/scratch/CBRA/research/projects/tcga_mm/code/09_drug_repository/dr-pipeline/./modules/gtex_symbol_conv.nf
  Script_6101e3325aa4b54a: /mnt/lustre/scratch/CBRA/research/projects/tcga_mm/code/09_drug_repository/dr-pipeline/./modules/genes_from_disgenet.nf
  Script_2fbc0b4d2fc6999a: /mnt/lustre/scratch/CBRA/research/projects/tcga_mm/code/09_drug_repository/dr-pipeline/./modules/plot_drexml.nf
  Script_2d5ac96d06ab73ea: /mnt/lustre/scratch/CBRA/research/projects/tcga_mm/code/09_drug_repository/dr-pipeline/./modules/collapse_counts.nf
  Script_2d1dc3c26659ce89: /mnt/lustre/scratch/CBRA/research/projects/tcga_mm/code/09_drug_repository/dr-pipeline/./modules/gene_to_circuits.nf
  Script_1088a6a041c1647c: /mnt/lustre/scratch/CBRA/research/projects/tcga_mm/code/09_drug_repository/dr-pipeline/./modules/parse_drugbank_xml.nf
  Script_dd415bd1b6cfe24d: /mnt/lustre/scratch/CBRA/research/projects/tcga_mm/code/09_drug_repository/dr-pipeline/./modules/annotate_drugbank.nf
  Script_291bf4d9895dd83a: /mnt/lustre/scratch/CBRA/research/projects/tcga_mm/code/09_drug_repository/dr-pipeline/./modules/gene_id_conversion.nf
  Script_3dcf47c52b928fd6: /mnt/lustre/scratch/CBRA/research/projects/tcga_mm/code/09_drug_repository/dr-pipeline/./modules/drugbank_gene_targets.nf
  Script_0582a06066bed48f: /mnt/lustre/scratch/CBRA/research/projects/tcga_mm/code/09_drug_repository/dr-pipeline/./modules/annotate_hipathia.nf
  Script_9326c94c53bac523: /mnt/lustre/scratch/CBRA/research/projects/tcga_mm/code/09_drug_repository/dr-pipeline/./modules/get_gtex_map.nf
  Script_50dc100b27d26a71: /mnt/lustre/scratch/CBRA/research/projects/tcga_mm/code/09_drug_repository/dr-pipeline/./modules/run_drexml.nf
  Script_836753c98ad5abaf: /mnt/lustre/scratch/CBRA/research/projects/tcga_mm/code/09_drug_repository/dr-pipeline/./modules/calculate_circuit_activity.nf
Jul-01 19:42:34.708 [main] DEBUG nextflow.script.ScriptRunner - > Awaiting termination 
Jul-01 19:42:34.709 [main] DEBUG nextflow.Session - Session await
Jul-01 19:42:35.098 [Actor Thread 4] DEBUG nextflow.container.SingularityCache - Singularity found local store for image=docker://dlopezbioinfo/dr-pipeline:r-master-f7f998c; path=/mnt/lustre/scratch/CBRA/research/projects/tcga_mm/code/09_drug_repository/09_4_drexml_gtex/work/singularity/dlopezbioinfo-dr-pipeline-r-master-f7f998c.img
Jul-01 19:42:35.141 [Actor Thread 4] DEBUG nextflow.container.SingularityCache - Singularity found local store for image=docker://dlopezbioinfo/dr-pipeline:python-master-3016828; path=/mnt/lustre/scratch/CBRA/research/projects/tcga_mm/code/09_drug_repository/09_4_drexml_gtex/work/singularity/dlopezbioinfo-dr-pipeline-python-master-3016828.img
Jul-01 19:42:35.451 [Actor Thread 11] INFO  nextflow.processor.TaskProcessor - [f1/d0364b] Cached process > COLLAPSE_GTEX_ENSEMBL
Jul-01 19:42:35.518 [Actor Thread 10] INFO  nextflow.processor.TaskProcessor - [1b/f7ff07] Cached process > GTEX_ENTREZ_CONV
Jul-01 19:42:35.580 [Actor Thread 10] INFO  nextflow.processor.TaskProcessor - [69/cd05c6] Cached process > COLLAPSE_GTEX_SYMBOL
Jul-01 19:42:35.633 [Actor Thread 10] INFO  nextflow.processor.TaskProcessor - [b2/54de42] Cached process > NORMALIZE_GTEX
Jul-01 19:42:35.681 [Actor Thread 6] INFO  nextflow.processor.TaskProcessor - [4d/44be2d] Cached process > PARSE_HIPATHIA
Jul-01 19:42:35.699 [Actor Thread 7] INFO  nextflow.processor.TaskProcessor - [85/c93d58] Cached process > GTEX_SYMBOL_CONV
Jul-01 19:42:35.745 [Actor Thread 8] INFO  nextflow.processor.TaskProcessor - [f8/9ed223] Cached process > HIPATHIA_CONV
Jul-01 19:42:35.754 [Actor Thread 6] DEBUG nextflow.util.ThreadPoolBuilder - Creating thread pool 'PublishDir' minSize=10; maxSize=10; workQueue=LinkedBlockingQueue[10000]; allowCoreThreadTimeout=false
Jul-01 19:42:35.771 [Actor Thread 5] INFO  nextflow.processor.TaskProcessor - [41/6caefe] Cached process > CIRCUIT_ACTIVITY_GTEX (1)
Jul-01 19:42:35.809 [Actor Thread 10] INFO  nextflow.processor.TaskProcessor - [eb/62894c] Cached process > CIRCUIT_ACTIVITY_GTEX (2)
Jul-01 19:42:35.932 [Actor Thread 12] INFO  nextflow.processor.TaskProcessor - [da/93ba15] Cached process > CIRCUIT_ACTIVITY_GTEX (3)
Jul-01 19:42:35.941 [Actor Thread 5] INFO  nextflow.processor.TaskProcessor - [79/280bc3] Cached process > CIRCUIT_ACTIVITY_GTEX (4)
Jul-01 19:42:35.959 [Actor Thread 15] INFO  nextflow.processor.TaskProcessor - [1a/0efd06] Cached process > ANNOTATE_HIPATHIA
Jul-01 19:42:35.993 [Actor Thread 14] INFO  nextflow.processor.TaskProcessor - [72/5a51b3] Cached process > CIRCUIT_ACTIVITY_GTEX (6)
Jul-01 19:42:36.000 [Actor Thread 8] INFO  nextflow.processor.TaskProcessor - [0b/dd1a09] Cached process > CIRCUIT_ACTIVITY_GTEX (5)
Jul-01 19:42:36.033 [Actor Thread 12] INFO  nextflow.processor.TaskProcessor - [76/85713f] Cached process > CIRCUIT_ACTIVITY_GTEX (7)
Jul-01 19:42:36.044 [Actor Thread 7] INFO  nextflow.processor.TaskProcessor - [8a/187d6a] Cached process > CIRCUIT_ACTIVITY_GTEX (8)
Jul-01 19:42:36.059 [Actor Thread 8] INFO  nextflow.processor.TaskProcessor - [55/90f5c2] Cached process > CIRCUIT_ACTIVITY_GTEX (9)
Jul-01 19:42:36.063 [Actor Thread 2] INFO  nextflow.processor.TaskProcessor - [ce/a62ceb] Cached process > CIRCUIT_ACTIVITY_GTEX (10)
Jul-01 19:42:36.182 [Actor Thread 2] INFO  nextflow.processor.TaskProcessor - [e0/e66439] Cached process > CIRCUIT_ACTIVITY_GTEX (12)
Jul-01 19:42:36.190 [Actor Thread 8] INFO  nextflow.processor.TaskProcessor - [03/90c838] Cached process > CIRCUIT_ACTIVITY_GTEX (11)
Jul-01 19:42:36.306 [Actor Thread 12] INFO  nextflow.processor.TaskProcessor - [72/18822f] Cached process > CIRCUIT_ACTIVITY_GTEX (13)
Jul-01 19:42:36.316 [Actor Thread 15] INFO  nextflow.processor.TaskProcessor - [8d/f2b251] Cached process > CIRCUIT_ACTIVITY_GTEX (14)
Jul-01 19:42:36.450 [Actor Thread 7] INFO  nextflow.processor.TaskProcessor - [6f/ccd62e] Cached process > CIRCUIT_ACTIVITY_GTEX (16)
Jul-01 19:42:36.457 [Actor Thread 8] INFO  nextflow.processor.TaskProcessor - [38/1721d9] Cached process > CIRCUIT_ACTIVITY_GTEX (15)
Jul-01 19:42:36.553 [Actor Thread 8] INFO  nextflow.processor.TaskProcessor - [88/6607a2] Cached process > CIRCUIT_ACTIVITY_GTEX (18)
Jul-01 19:42:36.561 [Actor Thread 15] INFO  nextflow.processor.TaskProcessor - [c9/7eba44] Cached process > CIRCUIT_ACTIVITY_GTEX (17)
Jul-01 19:42:36.592 [Actor Thread 2] INFO  nextflow.processor.TaskProcessor - [d0/04d896] Cached process > CIRCUIT_ACTIVITY_GTEX (19)
Jul-01 19:42:36.598 [Actor Thread 12] INFO  nextflow.processor.TaskProcessor - [69/4b7d69] Cached process > CIRCUIT_ACTIVITY_GTEX (20)
Jul-01 19:42:36.615 [Actor Thread 7] INFO  nextflow.processor.TaskProcessor - [9b/6fd798] Cached process > CIRCUIT_ACTIVITY_GTEX (22)
Jul-01 19:42:36.622 [Actor Thread 15] INFO  nextflow.processor.TaskProcessor - [a2/06a3a6] Cached process > CIRCUIT_ACTIVITY_GTEX (21)
Jul-01 19:42:36.639 [Actor Thread 15] INFO  nextflow.processor.TaskProcessor - [72/fbedc0] Cached process > CIRCUIT_ACTIVITY_GTEX (24)
Jul-01 19:42:36.642 [Actor Thread 7] INFO  nextflow.processor.TaskProcessor - [be/b6c13b] Cached process > CIRCUIT_ACTIVITY_GTEX (23)
Jul-01 19:42:36.775 [Actor Thread 7] INFO  nextflow.processor.TaskProcessor - [50/b6f4a3] Cached process > CIRCUIT_ACTIVITY_GTEX (26)
Jul-01 19:42:36.781 [Actor Thread 15] INFO  nextflow.processor.TaskProcessor - [57/01963f] Cached process > CIRCUIT_ACTIVITY_GTEX (25)
Jul-01 19:42:36.836 [Actor Thread 8] INFO  nextflow.processor.TaskProcessor - [ad/de66b3] Cached process > CIRCUIT_ACTIVITY_GTEX (27)
Jul-01 19:42:36.837 [Actor Thread 3] INFO  nextflow.processor.TaskProcessor - [15/d309f0] Cached process > CIRCUIT_ACTIVITY_GTEX (28)
Jul-01 19:42:37.002 [Actor Thread 12] INFO  nextflow.processor.TaskProcessor - [d5/f501dd] Cached process > CIRCUIT_ACTIVITY_GTEX (30)
Jul-01 19:42:37.009 [Actor Thread 15] INFO  nextflow.processor.TaskProcessor - [0b/5bafff] Cached process > CIRCUIT_ACTIVITY_GTEX (29)
Jul-01 19:42:37.113 [Actor Thread 8] INFO  nextflow.processor.TaskProcessor - [2e/d2ef73] Cached process > CIRCUIT_ACTIVITY_GTEX (31)
Jul-01 19:42:37.120 [Actor Thread 3] INFO  nextflow.processor.TaskProcessor - [e9/af9713] Cached process > CIRCUIT_ACTIVITY_GTEX (32)
Jul-01 19:42:37.235 [Actor Thread 15] INFO  nextflow.processor.TaskProcessor - [db/d50736] Cached process > CIRCUIT_ACTIVITY_GTEX (33)
Jul-01 19:42:37.245 [Actor Thread 2] INFO  nextflow.processor.TaskProcessor - [80/479b9b] Cached process > CIRCUIT_ACTIVITY_GTEX (34)
Jul-01 19:42:37.337 [Actor Thread 3] INFO  nextflow.processor.TaskProcessor - [ab/3cfbe1] Cached process > CIRCUIT_ACTIVITY_GTEX (35)
Jul-01 19:42:37.348 [Actor Thread 12] INFO  nextflow.processor.TaskProcessor - [dc/ea53fb] Cached process > CIRCUIT_ACTIVITY_GTEX (36)
Jul-01 19:42:37.425 [Actor Thread 2] INFO  nextflow.processor.TaskProcessor - [1f/b09e16] Cached process > CIRCUIT_ACTIVITY_GTEX (37)
Jul-01 19:42:37.433 [Actor Thread 8] INFO  nextflow.processor.TaskProcessor - [65/e30700] Cached process > CIRCUIT_ACTIVITY_GTEX (38)
Jul-01 19:42:37.537 [Actor Thread 12] INFO  nextflow.processor.TaskProcessor - [92/9e5f22] Cached process > CIRCUIT_ACTIVITY_GTEX (39)
Jul-01 19:42:37.620 [Actor Thread 15] INFO  nextflow.processor.TaskProcessor - [c8/17cbe4] Cached process > CIRCUIT_ACTIVITY_GTEX (40)
Jul-01 19:42:37.651 [Actor Thread 8] INFO  nextflow.processor.TaskProcessor - [78/cc66c4] Cached process > CIRCUIT_ACTIVITY_GTEX (41)
Jul-01 19:42:37.683 [Actor Thread 12] INFO  nextflow.processor.TaskProcessor - [eb/90960c] Cached process > CIRCUIT_ACTIVITY_GTEX (42)
Jul-01 19:42:37.726 [Actor Thread 15] INFO  nextflow.processor.TaskProcessor - [d9/76470d] Cached process > CIRCUIT_ACTIVITY_GTEX (43)
Jul-01 19:42:37.754 [Actor Thread 8] INFO  nextflow.processor.TaskProcessor - [cf/eb939b] Cached process > CIRCUIT_ACTIVITY_GTEX (44)
Jul-01 19:42:37.858 [Actor Thread 12] INFO  nextflow.processor.TaskProcessor - [55/e066e9] Cached process > CIRCUIT_ACTIVITY_GTEX (45)
Jul-01 19:42:37.866 [Actor Thread 15] INFO  nextflow.processor.TaskProcessor - [35/6dece0] Cached process > CIRCUIT_ACTIVITY_GTEX (46)
Jul-01 19:42:37.939 [Actor Thread 8] INFO  nextflow.processor.TaskProcessor - [bc/fb60f6] Cached process > CIRCUIT_ACTIVITY_GTEX (47)
Jul-01 19:42:37.939 [Actor Thread 7] INFO  nextflow.processor.TaskProcessor - [9b/6b7457] Cached process > CIRCUIT_ACTIVITY_GTEX (48)
Jul-01 19:42:38.052 [Actor Thread 15] INFO  nextflow.processor.TaskProcessor - [e5/cebac2] Cached process > CIRCUIT_ACTIVITY_GTEX (49)
Jul-01 19:42:38.060 [Actor Thread 2] INFO  nextflow.processor.TaskProcessor - [cc/c4d64e] Cached process > CIRCUIT_ACTIVITY_GTEX (50)
Jul-01 19:42:38.131 [Actor Thread 12] INFO  nextflow.processor.TaskProcessor - [39/bc10bc] Cached process > CIRCUIT_ACTIVITY_GTEX (51)
Jul-01 19:42:38.134 [Actor Thread 7] INFO  nextflow.processor.TaskProcessor - [df/2f0f71] Cached process > CIRCUIT_ACTIVITY_GTEX (52)
Jul-01 19:42:38.245 [Actor Thread 12] INFO  nextflow.processor.TaskProcessor - [bd/a10c24] Cached process > CIRCUIT_ACTIVITY_GTEX (54)
Jul-01 19:42:38.255 [Actor Thread 8] INFO  nextflow.processor.TaskProcessor - [7a/b95b8d] Cached process > CIRCUIT_ACTIVITY_GTEX (53)
Jul-01 19:42:38.342 [Actor Thread 7] INFO  nextflow.processor.TaskProcessor - [07/040539] Cached process > CIRCUIT_ACTIVITY_GTEX (55)
Jul-01 19:42:38.349 [Actor Thread 3] INFO  nextflow.processor.TaskProcessor - [59/53099d] Cached process > CIRCUIT_ACTIVITY_GTEX (56)
Jul-01 19:42:38.425 [Actor Thread 8] INFO  nextflow.processor.TaskProcessor - [1b/a8fdd1] Cached process > CIRCUIT_ACTIVITY_GTEX (57)
Jul-01 19:42:38.427 [Actor Thread 2] INFO  nextflow.processor.TaskProcessor - [88/1fd5a3] Cached process > CIRCUIT_ACTIVITY_GTEX (58)
Jul-01 19:42:38.456 [Actor Thread 16] INFO  nextflow.processor.TaskProcessor - [f7/923507] Cached process > CIRCUIT_ACTIVITY_GTEX (59)
Jul-01 19:42:38.472 [Actor Thread 2] INFO  nextflow.processor.TaskProcessor - [b0/ce82fc] Cached process > CIRCUIT_ACTIVITY_GTEX (60)
Jul-01 19:42:38.515 [Actor Thread 7] INFO  nextflow.processor.TaskProcessor - [e3/a98786] Cached process > CIRCUIT_ACTIVITY_GTEX (61)
Jul-01 19:42:38.542 [Actor Thread 2] INFO  nextflow.processor.TaskProcessor - [08/693f38] Cached process > CIRCUIT_ACTIVITY_GTEX (62)
Jul-01 19:42:38.585 [Actor Thread 3] INFO  nextflow.processor.TaskProcessor - [7a/7c2d77] Cached process > CIRCUIT_ACTIVITY_GTEX (63)
Jul-01 19:42:38.627 [Actor Thread 7] INFO  nextflow.processor.TaskProcessor - [18/c022f9] Cached process > CIRCUIT_ACTIVITY_GTEX (64)
Jul-01 19:42:38.634 [Actor Thread 2] INFO  nextflow.processor.TaskProcessor - [bd/a09e36] Cached process > CIRCUIT_ACTIVITY_GTEX (65)
Jul-01 19:42:38.699 [Actor Thread 3] INFO  nextflow.processor.TaskProcessor - [05/37b99b] Cached process > CIRCUIT_ACTIVITY_GTEX (66)
Jul-01 19:42:38.699 [Actor Thread 12] INFO  nextflow.processor.TaskProcessor - [ef/a6afb8] Cached process > CIRCUIT_ACTIVITY_GTEX (67)
Jul-01 19:42:38.725 [Actor Thread 3] INFO  nextflow.processor.TaskProcessor - [f3/215b58] Cached process > CIRCUIT_ACTIVITY_GTEX (68)
Jul-01 19:42:38.727 [Actor Thread 12] INFO  nextflow.processor.TaskProcessor - [ed/53fa6b] Cached process > CIRCUIT_ACTIVITY_GTEX (69)
Jul-01 19:42:38.761 [Actor Thread 15] INFO  nextflow.processor.TaskProcessor - [a4/f2bbfa] Cached process > CIRCUIT_ACTIVITY_GTEX (71)
Jul-01 19:42:38.768 [Actor Thread 2] INFO  nextflow.processor.TaskProcessor - [cc/d6891f] Cached process > CIRCUIT_ACTIVITY_GTEX (70)
Jul-01 19:42:38.791 [Actor Thread 3] INFO  nextflow.processor.TaskProcessor - [df/d1583f] Cached process > CIRCUIT_ACTIVITY_GTEX (73)
Jul-01 19:42:38.796 [Actor Thread 12] INFO  nextflow.processor.TaskProcessor - [66/0416d4] Cached process > CIRCUIT_ACTIVITY_GTEX (72)
Jul-01 19:42:38.916 [Actor Thread 7] INFO  nextflow.processor.TaskProcessor - [89/1d2d8a] Cached process > CIRCUIT_ACTIVITY_GTEX (75)
Jul-01 19:42:38.978 [Actor Thread 2] INFO  nextflow.processor.TaskProcessor - [34/f7f278] Cached process > CIRCUIT_ACTIVITY_GTEX (74)
Jul-01 19:42:39.008 [Actor Thread 12] INFO  nextflow.processor.TaskProcessor - [a0/3c6e76] Cached process > CIRCUIT_ACTIVITY_GTEX (76)
Jul-01 19:42:39.073 [Actor Thread 3] INFO  nextflow.processor.TaskProcessor - [a8/2bbf4a] Cached process > CIRCUIT_ACTIVITY_GTEX (78)
Jul-01 19:42:39.074 [Actor Thread 7] INFO  nextflow.processor.TaskProcessor - [7c/e141bb] Cached process > CIRCUIT_ACTIVITY_GTEX (77)
Jul-01 19:42:39.187 [Actor Thread 12] INFO  nextflow.processor.TaskProcessor - [64/e0c685] Cached process > CIRCUIT_ACTIVITY_GTEX (79)
Jul-01 19:42:39.314 [Actor Thread 15] INFO  nextflow.processor.TaskProcessor - [1a/55bdcd] Cached process > CONCATENATE_CIRCUIT_ACTIVITIES
Jul-01 19:42:40.004 [Task submitter] DEBUG nextflow.executor.GridTaskHandler - [SLURM] submitted process CREATE_DREXML_ENV (1) > jobId: 2043219; workDir: /mnt/lustre/scratch/CBRA/research/projects/tcga_mm/code/09_drug_repository/09_4_drexml_gtex/work/ac/c07d5b79c3ed929e683a71f6edbca8
Jul-01 19:42:40.005 [Task submitter] INFO  nextflow.Session - [ac/c07d5b] Submitted process > CREATE_DREXML_ENV (1)
Jul-01 19:42:44.230 [Task monitor] DEBUG n.processor.TaskPollingMonitor - Task completed > TaskHandler[jobId: 2043219; id: 89; name: CREATE_DREXML_ENV (1); status: COMPLETED; exit: 0; error: -; workDir: /mnt/lustre/scratch/CBRA/research/projects/tcga_mm/code/09_drug_repository/09_4_drexml_gtex/work/ac/c07d5b79c3ed929e683a71f6edbca8 started: 1719855764189; exited: 2024-07-01T17:42:42Z; ]
Jul-01 19:42:44.231 [Task monitor] DEBUG nextflow.util.ThreadPoolBuilder - Creating thread pool 'TaskFinalizer' minSize=10; maxSize=10; workQueue=LinkedBlockingQueue[10000]; allowCoreThreadTimeout=false
Jul-01 19:42:44.298 [Actor Thread 16] DEBUG nextflow.container.SingularityCache - Singularity found local store for image=docker://dlopezbioinfo/dr-pipeline:drexml-master-1db6105; path=/mnt/lustre/scratch/CBRA/research/projects/tcga_mm/code/09_drug_repository/09_4_drexml_gtex/work/singularity/dlopezbioinfo-dr-pipeline-drexml-master-1db6105.img
Jul-01 19:42:44.594 [Task submitter] DEBUG nextflow.executor.GridTaskHandler - [SLURM] submitted process RUN_DREXML (1) > jobId: 2043220; workDir: /mnt/lustre/scratch/CBRA/research/projects/tcga_mm/code/09_drug_repository/09_4_drexml_gtex/work/96/db121983eb5cf411c9aca710ccdb73
Jul-01 19:42:44.594 [Task submitter] INFO  nextflow.Session - [96/db1219] Submitted process > RUN_DREXML (1)
Jul-01 19:47:39.200 [Task monitor] DEBUG n.processor.TaskPollingMonitor - !! executor slurm > tasks to be completed: 1 -- submitted tasks are shown below
~> TaskHandler[jobId: 2043220; id: 90; name: RUN_DREXML (1); status: RUNNING; exit: -; error: -; workDir: /mnt/lustre/scratch/CBRA/research/projects/tcga_mm/code/09_drug_repository/09_4_drexml_gtex/work/96/db121983eb5cf411c9aca710ccdb73 started: 1719855769188; exited: -; ]
Jul-01 19:52:39.212 [Task monitor] DEBUG n.processor.TaskPollingMonitor - !! executor slurm > tasks to be completed: 1 -- submitted tasks are shown below
~> TaskHandler[jobId: 2043220; id: 90; name: RUN_DREXML (1); status: RUNNING; exit: -; error: -; workDir: /mnt/lustre/scratch/CBRA/research/projects/tcga_mm/code/09_drug_repository/09_4_drexml_gtex/work/96/db121983eb5cf411c9aca710ccdb73 started: 1719855769188; exited: -; ]
Jul-01 19:57:39.221 [Task monitor] DEBUG n.processor.TaskPollingMonitor - !! executor slurm > tasks to be completed: 1 -- submitted tasks are shown below
~> TaskHandler[jobId: 2043220; id: 90; name: RUN_DREXML (1); status: RUNNING; exit: -; error: -; workDir: /mnt/lustre/scratch/CBRA/research/projects/tcga_mm/code/09_drug_repository/09_4_drexml_gtex/work/96/db121983eb5cf411c9aca710ccdb73 started: 1719855769188; exited: -; ]
Jul-01 20:02:14.232 [Task monitor] DEBUG n.processor.TaskPollingMonitor - Task completed > TaskHandler[jobId: 2043220; id: 90; name: RUN_DREXML (1); status: COMPLETED; exit: 0; error: -; workDir: /mnt/lustre/scratch/CBRA/research/projects/tcga_mm/code/09_drug_repository/09_4_drexml_gtex/work/96/db121983eb5cf411c9aca710ccdb73 started: 1719855769188; exited: 2024-07-01T18:02:10Z; ]
Jul-01 20:02:14.331 [Task submitter] DEBUG nextflow.executor.GridTaskHandler - [SLURM] submitted process PLOT_DREXML (1) > jobId: 2043221; workDir: /mnt/lustre/scratch/CBRA/research/projects/tcga_mm/code/09_drug_repository/09_4_drexml_gtex/work/9a/5d028fccd438e4e672f354246807c0
Jul-01 20:02:14.332 [Task submitter] INFO  nextflow.Session - [9a/5d028f] Submitted process > PLOT_DREXML (1)
Jul-01 20:02:34.233 [Task monitor] DEBUG n.processor.TaskPollingMonitor - Task completed > TaskHandler[jobId: 2043221; id: 91; name: PLOT_DREXML (1); status: COMPLETED; exit: 0; error: -; workDir: /mnt/lustre/scratch/CBRA/research/projects/tcga_mm/code/09_drug_repository/09_4_drexml_gtex/work/9a/5d028fccd438e4e672f354246807c0 started: 1719856939229; exited: 2024-07-01T18:02:31Z; ]
Jul-01 20:02:34.288 [main] DEBUG nextflow.Session - Session await > all processes finished
Jul-01 20:02:39.267 [Task monitor] DEBUG n.processor.TaskPollingMonitor - !! executor slurm > No more task to compute -- Execution may be stalled
Jul-01 20:02:39.267 [Task monitor] DEBUG n.processor.TaskPollingMonitor - <<< barrier arrives (monitor: slurm) - terminating tasks monitor poll loop
Jul-01 20:02:39.267 [main] DEBUG nextflow.Session - Session await > all barriers passed
Jul-01 20:02:39.270 [main] DEBUG nextflow.util.ThreadPoolManager - Thread pool 'TaskFinalizer' shutdown completed (hard=false)
Jul-01 20:02:39.271 [main] DEBUG nextflow.util.ThreadPoolManager - Thread pool 'PublishDir' shutdown completed (hard=false)
Jul-01 20:02:39.275 [main] DEBUG n.trace.WorkflowStatsObserver - Workflow completed > WorkflowStats[succeededCount=3; failedCount=0; ignoredCount=0; cachedCount=88; pendingCount=0; submittedCount=0; runningCount=0; retriesCount=0; abortedCount=0; succeedDuration=16h 49m 22s; failedDuration=0ms; cachedDuration=59m 33s;loadCpus=0; loadMemory=0; peakRunning=1; peakCpus=52; peakMemory=370 GB; ]
Jul-01 20:02:39.275 [main] DEBUG nextflow.trace.TraceFileObserver - Workflow completed -- saving trace file
Jul-01 20:02:39.285 [main] DEBUG nextflow.trace.ReportObserver - Workflow completed -- rendering execution report
Jul-01 20:02:40.209 [main] DEBUG nextflow.trace.TimelineObserver - Workflow completed -- rendering execution timeline
Jul-01 20:02:40.540 [main] WARN  nextflow.dag.GraphvizRenderer - Graphviz is required to render the execution DAG in the given format -- See http://www.graphviz.org for more info.
Jul-01 20:02:40.763 [main] DEBUG nextflow.cache.CacheDB - Closing CacheDB done
Jul-01 20:02:40.915 [main] DEBUG nextflow.util.ThreadPoolManager - Thread pool 'FileTransfer' shutdown completed (hard=false)
Jul-01 20:02:40.916 [main] DEBUG nextflow.script.ScriptRunner - > Execution complete -- Goodbye
