jun-28 22:41:44.354 [main] DEBUG nextflow.cli.Launcher - $> nextflow run /mnt/lustre/scratch/CBRA/research/projects/tcga_mm/code/09_drug_repository/dr-pipeline/main.nf -profile slurm,singularity -resume -params-file params_custom_circuits_male.yml
jun-28 22:41:44.550 [main] DEBUG nextflow.cli.CmdRun - N E X T F L O W  ~  version 24.04.2
jun-28 22:41:44.589 [main] DEBUG nextflow.plugin.PluginsFacade - Setting up plugin manager > mode=prod; embedded=false; plugins-dir=/home/mlopez/.nextflow/plugins; core-plugins: nf-amazon@2.5.2,nf-azure@1.6.0,nf-cloudcache@0.4.1,nf-codecommit@0.2.0,nf-console@1.1.3,nf-ga4gh@1.3.0,nf-google@1.13.2,nf-tower@1.9.1,nf-wave@1.4.2
jun-28 22:41:44.628 [main] INFO  o.pf4j.DefaultPluginStatusProvider - Enabled plugins: []
jun-28 22:41:44.629 [main] INFO  o.pf4j.DefaultPluginStatusProvider - Disabled plugins: []
jun-28 22:41:44.632 [main] INFO  org.pf4j.DefaultPluginManager - PF4J version 3.10.0 in 'deployment' mode
jun-28 22:41:44.670 [main] INFO  org.pf4j.AbstractPluginManager - No plugins
jun-28 22:41:44.723 [main] DEBUG nextflow.config.ConfigBuilder - Found config base: /mnt/lustre/scratch/CBRA/research/projects/tcga_mm/code/09_drug_repository/dr-pipeline/nextflow.config
jun-28 22:41:44.732 [main] DEBUG nextflow.config.ConfigBuilder - Parsing config file: /mnt/lustre/scratch/CBRA/research/projects/tcga_mm/code/09_drug_repository/dr-pipeline/nextflow.config
jun-28 22:41:44.784 [main] DEBUG n.secret.LocalSecretsProvider - Secrets store: /home/mlopez/.nextflow/secrets/store.json
jun-28 22:41:44.787 [main] DEBUG nextflow.secret.SecretsLoader - Discovered secrets providers: [nextflow.secret.LocalSecretsProvider@47c64cfe] - activable => nextflow.secret.LocalSecretsProvider@47c64cfe
jun-28 22:41:44.866 [main] DEBUG nextflow.config.ConfigBuilder - Applying config profile: `slurm,singularity`
jun-28 22:41:46.299 [main] DEBUG nextflow.config.ConfigBuilder - Available config profiles: [slurm, debug, singularity, docker]
jun-28 22:41:46.346 [main] WARN  nextflow.config.ConfigBuilder - It appears you have never run this project before -- Option `-resume` is ignored
jun-28 22:41:46.423 [main] DEBUG nextflow.cli.CmdRun - Applied DSL=2 from script declaration
jun-28 22:41:46.458 [main] DEBUG nextflow.cli.CmdRun - Launching `/mnt/lustre/scratch/CBRA/research/projects/tcga_mm/code/09_drug_repository/dr-pipeline/main.nf` [agitated_linnaeus] DSL2 - revision: 81a7476e61
jun-28 22:41:46.462 [main] DEBUG nextflow.plugin.PluginsFacade - Plugins default=[]
jun-28 22:41:46.462 [main] DEBUG nextflow.plugin.PluginsFacade - Plugins resolved requirement=[]
jun-28 22:41:46.547 [main] DEBUG nextflow.Session - Session UUID: 92737087-b049-4337-b748-2e46f61a081e
jun-28 22:41:46.548 [main] DEBUG nextflow.Session - Run name: agitated_linnaeus
jun-28 22:41:46.548 [main] DEBUG nextflow.Session - Executor pool size: 2
jun-28 22:41:46.567 [main] DEBUG nextflow.file.FilePorter - File porter settings maxRetries=3; maxTransfers=50; pollTimeout=null
jun-28 22:41:46.572 [main] DEBUG nextflow.util.ThreadPoolBuilder - Creating thread pool 'FileTransfer' minSize=10; maxSize=10; workQueue=LinkedBlockingQueue[10000]; allowCoreThreadTimeout=false
jun-28 22:41:46.679 [main] DEBUG nextflow.cli.CmdRun - 
  Version: 24.04.2 build 5914
  Created: 29-05-2024 06:19 UTC (08:19 CEST)
  System: Linux 4.18.0-348.12.2.el8_5.x86_64
  Runtime: Groovy 4.0.21 on OpenJDK 64-Bit Server VM 17.0.11-internal+0-adhoc..src
  Encoding: UTF-8 (UTF-8)
  Process: 1280439@c30 [10.3.1.30]
  CPUs: 1 - Mem: 200 GB (197 GB) - Swap: 0 (0)
jun-28 22:41:46.934 [main] DEBUG nextflow.Session - Work-dir: /mnt/lustre/scratch/CBRA/research/projects/tcga_mm/code/09_drug_repository/09_6_drexml_tcga/tcga_brca/work [lustre]
jun-28 22:41:46.935 [main] DEBUG nextflow.Session - Script base path does not exist or is not a directory: /mnt/lustre/scratch/CBRA/research/projects/tcga_mm/code/09_drug_repository/dr-pipeline/bin
jun-28 22:41:46.943 [main] DEBUG nextflow.executor.ExecutorFactory - Extension executors providers=[]
jun-28 22:41:46.966 [main] DEBUG nextflow.Session - Observer factory: DefaultObserverFactory
jun-28 22:41:47.103 [main] DEBUG nextflow.cache.CacheFactory - Using Nextflow cache factory: nextflow.cache.DefaultCacheFactory
jun-28 22:41:47.116 [main] DEBUG nextflow.util.CustomThreadPool - Creating default thread pool > poolSize: 2; maxThreads: 1000
jun-28 22:41:47.474 [main] DEBUG nextflow.Session - Session start
jun-28 22:41:47.476 [main] DEBUG nextflow.trace.TraceFileObserver - Workflow started -- trace file: /mnt/lustre/scratch/CBRA/research/projects/tcga_mm/code/09_drug_repository/09_6_drexml_tcga/tcga_brca/results/report/execution_trace.txt
jun-28 22:41:48.747 [main] DEBUG nextflow.script.ScriptRunner - > Launching execution
jun-28 22:41:50.429 [main] INFO  nextflow.Nextflow - Input parameters:
jun-28 22:41:50.449 [main] INFO  nextflow.script.BaseScript - disease_map_circuits: /mnt/lustre/scratch/CBRA/research/projects/tcga_mm/results/09_drug_repository/09_2_circuits_sign_limma_tumvsctrl/circuits_male_tcga_brca.tsv
jun-28 22:41:50.449 [main] INFO  nextflow.script.BaseScript - use_disgenet: true
jun-28 22:41:50.449 [main] INFO  nextflow.script.BaseScript - drexml_target_genes: /mnt/lustre/scratch/CBRA/research/projects/tcga_mm/results/09_drug_repository/09_3_drugbank_used/09_3_drugbank_gene_targets_tcga_brca.tsv
jun-28 22:41:50.449 [main] INFO  nextflow.script.BaseScript - gtex: /mnt/lustre/scratch/CBRA/research/projects/tcga_mm/results/09_drug_repository/09_5_genexpresion_tcga/tcga_brca_geneexp_male.tsv
jun-28 22:41:50.450 [main] INFO  nextflow.script.BaseScript - atc: https://zenodo.org/records/7969017/files/ATC.csv.gz
jun-28 22:41:50.452 [main] INFO  nextflow.script.BaseScript - drugbank: https://zenodo.org/records/7969017/files/drugbank-v050108.xml.gz
jun-28 22:41:50.452 [main] INFO  nextflow.script.BaseScript - output_folder: /mnt/lustre/scratch/CBRA/research/projects/tcga_mm/code/09_drug_repository/09_6_drexml_tcga/tcga_brca/results/
jun-28 22:41:50.453 [main] INFO  nextflow.script.BaseScript - container__python: dlopezbioinfo/dr-pipeline:python-master-3016828
jun-28 22:41:50.453 [main] INFO  nextflow.script.BaseScript - container__r: dlopezbioinfo/dr-pipeline:r-master-f7f998c
jun-28 22:41:50.453 [main] INFO  nextflow.script.BaseScript - container__drexml: dlopezbioinfo/dr-pipeline:drexml-master-1db6105
jun-28 22:41:50.453 [main] INFO  nextflow.script.BaseScript - phys_paths: https://zenodo.org/records/7969017/files/physiological_paths.tsv
jun-28 22:41:50.453 [main] INFO  nextflow.Nextflow - --------------------------

jun-28 22:41:50.536 [main] INFO  nextflow.Nextflow - INFO: target genes taken from /mnt/lustre/scratch/CBRA/research/projects/tcga_mm/results/09_drug_repository/09_3_drugbank_used/09_3_drugbank_gene_targets_tcga_brca.tsv
jun-28 22:41:50.639 [main] DEBUG nextflow.script.ProcessConfig - Config settings `withLabel:low_proc` matches labels `low_proc` for process with name PARSE_HIPATHIA
jun-28 22:41:50.671 [main] DEBUG nextflow.executor.ExecutorFactory - << taskConfig executor: slurm
jun-28 22:41:50.671 [main] DEBUG nextflow.executor.ExecutorFactory - >> processorType: 'slurm'
jun-28 22:41:50.682 [main] DEBUG nextflow.executor.Executor - [warm up] executor > slurm
jun-28 22:41:50.687 [main] DEBUG n.processor.TaskPollingMonitor - Creating task monitor for executor 'slurm' > capacity: 100; pollInterval: 5s; dumpInterval: 5m 
jun-28 22:41:50.689 [main] DEBUG n.processor.TaskPollingMonitor - >>> barrier register (monitor: slurm)
jun-28 22:41:50.719 [main] DEBUG n.executor.AbstractGridExecutor - Creating executor 'slurm' > queue-stat-interval: 1m
jun-28 22:41:50.822 [main] DEBUG nextflow.script.ProcessConfig - Config settings `withLabel:high_mem` matches labels `high_mem` for process with name HIPATHIA_CONV
jun-28 22:41:50.849 [main] DEBUG nextflow.executor.ExecutorFactory - << taskConfig executor: slurm
jun-28 22:41:50.850 [main] DEBUG nextflow.executor.ExecutorFactory - >> processorType: 'slurm'
jun-28 22:41:50.858 [main] DEBUG nextflow.script.ProcessConfig - Config settings `withLabel:low_proc` matches labels `low_proc` for process with name ANNOTATE_HIPATHIA
jun-28 22:41:50.860 [main] DEBUG nextflow.executor.ExecutorFactory - << taskConfig executor: slurm
jun-28 22:41:50.860 [main] DEBUG nextflow.executor.ExecutorFactory - >> processorType: 'slurm'
jun-28 22:41:50.869 [main] INFO  nextflow.Nextflow - INFO: Disease map circuit list taken from /mnt/lustre/scratch/CBRA/research/projects/tcga_mm/results/09_drug_repository/09_2_circuits_sign_limma_tumvsctrl/circuits_male_tcga_brca.tsv
jun-28 22:41:50.874 [main] DEBUG nextflow.script.ProcessConfig - Config settings `withLabel:high_mem` matches labels `high_mem` for process with name COLLAPSE_GTEX_ENSEMBL
jun-28 22:41:50.875 [main] DEBUG nextflow.executor.ExecutorFactory - << taskConfig executor: slurm
jun-28 22:41:50.875 [main] DEBUG nextflow.executor.ExecutorFactory - >> processorType: 'slurm'
jun-28 22:41:50.905 [main] DEBUG nextflow.script.ProcessConfig - Config settings `withLabel:high_mem` matches labels `high_mem` for process with name GTEX_ENTREZ_CONV
jun-28 22:41:50.906 [main] DEBUG nextflow.executor.ExecutorFactory - << taskConfig executor: slurm
jun-28 22:41:50.907 [main] DEBUG nextflow.executor.ExecutorFactory - >> processorType: 'slurm'
jun-28 22:41:50.918 [main] DEBUG nextflow.script.ProcessConfig - Config settings `withLabel:high_mem` matches labels `high_mem` for process with name COLLAPSE_GTEX_SYMBOL
jun-28 22:41:50.920 [main] DEBUG nextflow.executor.ExecutorFactory - << taskConfig executor: slurm
jun-28 22:41:50.922 [main] DEBUG nextflow.executor.ExecutorFactory - >> processorType: 'slurm'
jun-28 22:41:50.929 [main] DEBUG nextflow.script.ProcessConfig - Config settings `withLabel:low_proc` matches labels `low_proc` for process with name NORMALIZE_GTEX
jun-28 22:41:50.931 [main] DEBUG nextflow.executor.ExecutorFactory - << taskConfig executor: slurm
jun-28 22:41:50.931 [main] DEBUG nextflow.executor.ExecutorFactory - >> processorType: 'slurm'
jun-28 22:41:51.030 [main] DEBUG nextflow.script.ProcessConfig - Config settings `withLabel:low_proc` matches labels `low_proc` for process with name CIRCUIT_ACTIVITY_GTEX
jun-28 22:41:51.031 [main] DEBUG nextflow.executor.ExecutorFactory - << taskConfig executor: slurm
jun-28 22:41:51.032 [main] DEBUG nextflow.executor.ExecutorFactory - >> processorType: 'slurm'
jun-28 22:41:51.084 [main] DEBUG nextflow.script.ProcessConfig - Config settings `withLabel:single_proc` matches labels `single_proc` for process with name CONCATENATE_CIRCUIT_ACTIVITIES
jun-28 22:41:51.085 [main] DEBUG nextflow.executor.ExecutorFactory - << taskConfig executor: slurm
jun-28 22:41:51.085 [main] DEBUG nextflow.executor.ExecutorFactory - >> processorType: 'slurm'
jun-28 22:41:51.092 [main] DEBUG nextflow.script.ProcessConfig - Config settings `withLabel:low_proc` matches labels `low_proc` for process with name GTEX_SYMBOL_CONV
jun-28 22:41:51.094 [main] DEBUG nextflow.executor.ExecutorFactory - << taskConfig executor: slurm
jun-28 22:41:51.094 [main] DEBUG nextflow.executor.ExecutorFactory - >> processorType: 'slurm'
jun-28 22:41:51.105 [main] DEBUG nextflow.script.ProcessConfig - Config settings `withLabel:low_proc` matches labels `low_proc` for process with name CREATE_DREXML_ENV
jun-28 22:41:51.108 [main] DEBUG nextflow.executor.ExecutorFactory - << taskConfig executor: slurm
jun-28 22:41:51.108 [main] DEBUG nextflow.executor.ExecutorFactory - >> processorType: 'slurm'
jun-28 22:41:51.130 [main] DEBUG nextflow.script.ProcessConfig - Config settings `withLabel:high_proc` matches labels `high_proc` for process with name RUN_DREXML
jun-28 22:41:51.135 [main] DEBUG nextflow.executor.ExecutorFactory - << taskConfig executor: slurm
jun-28 22:41:51.135 [main] DEBUG nextflow.executor.ExecutorFactory - >> processorType: 'slurm'
jun-28 22:41:51.150 [main] DEBUG nextflow.script.ProcessConfig - Config settings `withLabel:low_proc` matches labels `low_proc` for process with name PLOT_DREXML
jun-28 22:41:51.151 [main] DEBUG nextflow.executor.ExecutorFactory - << taskConfig executor: slurm
jun-28 22:41:51.151 [main] DEBUG nextflow.executor.ExecutorFactory - >> processorType: 'slurm'
jun-28 22:41:51.179 [main] DEBUG nextflow.Session - Workflow process names [dsl2]: HIPATHIA_CONV, DISGENET_CONV, GTEX_SYMBOL_CONV, GENES_FROM_DISGENET, COLLAPSE_GTEX_ENSEMBL, RUN_DREXML, CONCATENATE_CIRCUIT_ACTIVITIES, DRUGBANK_GENE_TARGETS, NORMALIZE_GTEX, PLOT_DREXML, GTEX_ENTREZ_CONV, PARSE_HIPATHIA, GENES_TO_CIRCUITS, CALCULATE_CIRCUIT_ACTIVITY, COLLAPSE_GTEX_SYMBOL, NORMALIZE_EXPR, CIRCUIT_ACTIVITY_GTEX, GET_GTEX_MAP, GENE_ID_CONVERSION, CREATE_DREXML_ENV, PARSE_DRUGBANK_XML, DRUGBANK_CONV, ANNOTATE_DRUGBANK, COLLAPSE_COUNTS, ANNOTATE_HIPATHIA
jun-28 22:41:51.180 [main] DEBUG nextflow.Session - Igniting dataflow network (20)
jun-28 22:41:51.265 [main] DEBUG nextflow.processor.TaskProcessor - Starting process > PARSE_HIPATHIA
jun-28 22:41:51.267 [main] DEBUG nextflow.processor.TaskProcessor - Starting process > HIPATHIA_CONV
jun-28 22:41:51.271 [main] DEBUG nextflow.processor.TaskProcessor - Starting process > ANNOTATE_HIPATHIA
jun-28 22:41:51.273 [main] DEBUG nextflow.processor.TaskProcessor - Starting process > COLLAPSE_GTEX_ENSEMBL
jun-28 22:41:51.273 [main] DEBUG nextflow.processor.TaskProcessor - Starting process > GTEX_ENTREZ_CONV
jun-28 22:41:51.325 [main] DEBUG nextflow.processor.TaskProcessor - Starting process > COLLAPSE_GTEX_SYMBOL
jun-28 22:41:51.325 [main] DEBUG nextflow.processor.TaskProcessor - Starting process > NORMALIZE_GTEX
jun-28 22:41:51.328 [main] DEBUG nextflow.processor.TaskProcessor - Starting process > CIRCUIT_ACTIVITY_GTEX
jun-28 22:41:51.328 [main] DEBUG nextflow.processor.TaskProcessor - Starting process > CONCATENATE_CIRCUIT_ACTIVITIES
jun-28 22:41:51.328 [main] DEBUG nextflow.processor.TaskProcessor - Starting process > GTEX_SYMBOL_CONV
jun-28 22:41:51.372 [main] DEBUG nextflow.processor.TaskProcessor - Starting process > CREATE_DREXML_ENV
jun-28 22:41:51.372 [main] DEBUG nextflow.processor.TaskProcessor - Starting process > RUN_DREXML
jun-28 22:41:51.372 [main] DEBUG nextflow.processor.TaskProcessor - Starting process > PLOT_DREXML
jun-28 22:41:51.373 [main] DEBUG nextflow.script.ScriptRunner - Parsed script files:
  Script_3151dc3f7cdd9468: /mnt/lustre/scratch/CBRA/research/projects/tcga_mm/code/09_drug_repository/dr-pipeline/./modules/concatenate_circuit_activities.nf
  Script_9f619dcc4b0dd073: /mnt/lustre/scratch/CBRA/research/projects/tcga_mm/code/09_drug_repository/dr-pipeline/./modules/create_exp_design.nf
  Script_87b0ae071c2a3574: /mnt/lustre/scratch/CBRA/research/projects/tcga_mm/code/09_drug_repository/dr-pipeline/main.nf
  Script_bf0306db0f66030e: /mnt/lustre/scratch/CBRA/research/projects/tcga_mm/code/09_drug_repository/dr-pipeline/./modules/normalize_expr.nf
  Script_66a0fd290bd808ab: /mnt/lustre/scratch/CBRA/research/projects/tcga_mm/code/09_drug_repository/dr-pipeline/./modules/parse_hipathia.nf
  Script_2fbc0b4d2fc6999a: /mnt/lustre/scratch/CBRA/research/projects/tcga_mm/code/09_drug_repository/dr-pipeline/./modules/plot_drexml.nf
  Script_209bc76c4dc5e6ed: /mnt/lustre/scratch/CBRA/research/projects/tcga_mm/code/09_drug_repository/dr-pipeline/./modules/gtex_symbol_conv.nf
  Script_6101e3325aa4b54a: /mnt/lustre/scratch/CBRA/research/projects/tcga_mm/code/09_drug_repository/dr-pipeline/./modules/genes_from_disgenet.nf
  Script_2d5ac96d06ab73ea: /mnt/lustre/scratch/CBRA/research/projects/tcga_mm/code/09_drug_repository/dr-pipeline/./modules/collapse_counts.nf
  Script_2d1dc3c26659ce89: /mnt/lustre/scratch/CBRA/research/projects/tcga_mm/code/09_drug_repository/dr-pipeline/./modules/gene_to_circuits.nf
  Script_1088a6a041c1647c: /mnt/lustre/scratch/CBRA/research/projects/tcga_mm/code/09_drug_repository/dr-pipeline/./modules/parse_drugbank_xml.nf
  Script_dd415bd1b6cfe24d: /mnt/lustre/scratch/CBRA/research/projects/tcga_mm/code/09_drug_repository/dr-pipeline/./modules/annotate_drugbank.nf
  Script_291bf4d9895dd83a: /mnt/lustre/scratch/CBRA/research/projects/tcga_mm/code/09_drug_repository/dr-pipeline/./modules/gene_id_conversion.nf
  Script_3dcf47c52b928fd6: /mnt/lustre/scratch/CBRA/research/projects/tcga_mm/code/09_drug_repository/dr-pipeline/./modules/drugbank_gene_targets.nf
  Script_0582a06066bed48f: /mnt/lustre/scratch/CBRA/research/projects/tcga_mm/code/09_drug_repository/dr-pipeline/./modules/annotate_hipathia.nf
  Script_9326c94c53bac523: /mnt/lustre/scratch/CBRA/research/projects/tcga_mm/code/09_drug_repository/dr-pipeline/./modules/get_gtex_map.nf
  Script_50dc100b27d26a71: /mnt/lustre/scratch/CBRA/research/projects/tcga_mm/code/09_drug_repository/dr-pipeline/./modules/run_drexml.nf
  Script_836753c98ad5abaf: /mnt/lustre/scratch/CBRA/research/projects/tcga_mm/code/09_drug_repository/dr-pipeline/./modules/calculate_circuit_activity.nf
jun-28 22:41:51.373 [main] DEBUG nextflow.script.ScriptRunner - > Awaiting termination 
jun-28 22:41:51.373 [main] DEBUG nextflow.Session - Session await
jun-28 22:41:51.769 [Actor Thread 6] WARN  nextflow.container.SingularityCache - Singularity cache directory has not been defined -- Remote image will be stored in the path: /mnt/lustre/scratch/CBRA/research/projects/tcga_mm/code/09_drug_repository/09_6_drexml_tcga/tcga_brca/work/singularity -- Use the environment variable NXF_SINGULARITY_CACHEDIR to specify a different location
jun-28 22:41:51.769 [Actor Thread 6] INFO  nextflow.container.SingularityCache - Pulling Singularity image docker://dlopezbioinfo/dr-pipeline:r-master-f7f998c [cache /mnt/lustre/scratch/CBRA/research/projects/tcga_mm/code/09_drug_repository/09_6_drexml_tcga/tcga_brca/work/singularity/dlopezbioinfo-dr-pipeline-r-master-f7f998c.img]
jun-28 22:41:51.770 [Actor Thread 3] INFO  nextflow.container.SingularityCache - Pulling Singularity image docker://dlopezbioinfo/dr-pipeline:python-master-3016828 [cache /mnt/lustre/scratch/CBRA/research/projects/tcga_mm/code/09_drug_repository/09_6_drexml_tcga/tcga_brca/work/singularity/dlopezbioinfo-dr-pipeline-python-master-3016828.img]
jun-28 22:41:53.348 [Actor Thread 3] DEBUG nextflow.container.SingularityCache - Singularity pull complete image=docker://dlopezbioinfo/dr-pipeline:python-master-3016828 path=/mnt/lustre/scratch/CBRA/research/projects/tcga_mm/code/09_drug_repository/09_6_drexml_tcga/tcga_brca/work/singularity/dlopezbioinfo-dr-pipeline-python-master-3016828.img
jun-28 22:41:54.093 [Task submitter] DEBUG nextflow.executor.GridTaskHandler - [SLURM] submitted process COLLAPSE_GTEX_ENSEMBL > jobId: 2039664; workDir: /mnt/lustre/scratch/CBRA/research/projects/tcga_mm/code/09_drug_repository/09_6_drexml_tcga/tcga_brca/work/a5/8aee7ebaf683c1d17c1c9462745c9b
jun-28 22:41:54.093 [Task submitter] INFO  nextflow.Session - [a5/8aee7e] Submitted process > COLLAPSE_GTEX_ENSEMBL
jun-28 22:41:54.621 [Actor Thread 6] DEBUG nextflow.container.SingularityCache - Singularity pull complete image=docker://dlopezbioinfo/dr-pipeline:r-master-f7f998c path=/mnt/lustre/scratch/CBRA/research/projects/tcga_mm/code/09_drug_repository/09_6_drexml_tcga/tcga_brca/work/singularity/dlopezbioinfo-dr-pipeline-r-master-f7f998c.img
jun-28 22:41:54.921 [Task submitter] DEBUG nextflow.executor.GridTaskHandler - [SLURM] submitted process PARSE_HIPATHIA > jobId: 2039665; workDir: /mnt/lustre/scratch/CBRA/research/projects/tcga_mm/code/09_drug_repository/09_6_drexml_tcga/tcga_brca/work/8d/4892ebdef75d8636ca6d9b5e3b5431
jun-28 22:41:54.921 [Task submitter] INFO  nextflow.Session - [8d/4892eb] Submitted process > PARSE_HIPATHIA
jun-28 22:42:00.746 [Task monitor] DEBUG n.processor.TaskPollingMonitor - Task completed > TaskHandler[jobId: 2039664; id: 1; name: COLLAPSE_GTEX_ENSEMBL; status: COMPLETED; exit: 0; error: -; workDir: /mnt/lustre/scratch/CBRA/research/projects/tcga_mm/code/09_drug_repository/09_6_drexml_tcga/tcga_brca/work/a5/8aee7ebaf683c1d17c1c9462745c9b started: 1719607315729; exited: 2024-06-28T20:41:59Z; ]
jun-28 22:42:00.747 [Task monitor] DEBUG nextflow.util.ThreadPoolBuilder - Creating thread pool 'TaskFinalizer' minSize=10; maxSize=10; workQueue=LinkedBlockingQueue[10000]; allowCoreThreadTimeout=false
jun-28 22:42:01.112 [Task submitter] DEBUG nextflow.executor.GridTaskHandler - [SLURM] submitted process GTEX_ENTREZ_CONV > jobId: 2039666; workDir: /mnt/lustre/scratch/CBRA/research/projects/tcga_mm/code/09_drug_repository/09_6_drexml_tcga/tcga_brca/work/e9/d991375aaf81b8781afa3cdbb30def
jun-28 22:42:01.112 [Task submitter] INFO  nextflow.Session - [e9/d99137] Submitted process > GTEX_ENTREZ_CONV
jun-28 22:44:20.717 [Task monitor] DEBUG n.processor.TaskPollingMonitor - Task completed > TaskHandler[jobId: 2039665; id: 2; name: PARSE_HIPATHIA; status: COMPLETED; exit: 0; error: -; workDir: /mnt/lustre/scratch/CBRA/research/projects/tcga_mm/code/09_drug_repository/09_6_drexml_tcga/tcga_brca/work/8d/4892ebdef75d8636ca6d9b5e3b5431 started: 1719607320769; exited: 2024-06-28T20:44:18Z; ]
jun-28 22:44:20.844 [TaskFinalizer-2] DEBUG nextflow.util.ThreadPoolBuilder - Creating thread pool 'PublishDir' minSize=10; maxSize=10; workQueue=LinkedBlockingQueue[10000]; allowCoreThreadTimeout=false
jun-28 22:44:21.052 [Task submitter] DEBUG nextflow.executor.GridTaskHandler - [SLURM] submitted process HIPATHIA_CONV > jobId: 2039667; workDir: /mnt/lustre/scratch/CBRA/research/projects/tcga_mm/code/09_drug_repository/09_6_drexml_tcga/tcga_brca/work/3a/2752a4b4693d5a3c365fa97282e517
jun-28 22:44:21.053 [Task submitter] INFO  nextflow.Session - [3a/2752a4] Submitted process > HIPATHIA_CONV
jun-28 22:44:30.719 [Task monitor] DEBUG n.processor.TaskPollingMonitor - Task completed > TaskHandler[jobId: 2039666; id: 3; name: GTEX_ENTREZ_CONV; status: COMPLETED; exit: 0; error: -; workDir: /mnt/lustre/scratch/CBRA/research/projects/tcga_mm/code/09_drug_repository/09_6_drexml_tcga/tcga_brca/work/e9/d991375aaf81b8781afa3cdbb30def started: 1719607325712; exited: 2024-06-28T20:44:28Z; ]
jun-28 22:44:30.906 [Task submitter] DEBUG nextflow.executor.GridTaskHandler - [SLURM] submitted process COLLAPSE_GTEX_SYMBOL > jobId: 2039668; workDir: /mnt/lustre/scratch/CBRA/research/projects/tcga_mm/code/09_drug_repository/09_6_drexml_tcga/tcga_brca/work/41/ffc5cc804ad7f566aaecf1a78945d3
jun-28 22:44:30.907 [Task submitter] INFO  nextflow.Session - [41/ffc5cc] Submitted process > COLLAPSE_GTEX_SYMBOL
jun-28 22:44:35.718 [Task monitor] DEBUG n.processor.TaskPollingMonitor - Task completed > TaskHandler[jobId: 2039667; id: 4; name: HIPATHIA_CONV; status: COMPLETED; exit: 0; error: -; workDir: /mnt/lustre/scratch/CBRA/research/projects/tcga_mm/code/09_drug_repository/09_6_drexml_tcga/tcga_brca/work/3a/2752a4b4693d5a3c365fa97282e517 started: 1719607465716; exited: 2024-06-28T20:44:32Z; ]
jun-28 22:44:35.742 [Task monitor] DEBUG n.processor.TaskPollingMonitor - Task completed > TaskHandler[jobId: 2039668; id: 5; name: COLLAPSE_GTEX_SYMBOL; status: COMPLETED; exit: 0; error: -; workDir: /mnt/lustre/scratch/CBRA/research/projects/tcga_mm/code/09_drug_repository/09_6_drexml_tcga/tcga_brca/work/41/ffc5cc804ad7f566aaecf1a78945d3 started: 1719607475721; exited: 2024-06-28T20:44:35Z; ]
jun-28 22:44:35.930 [Task submitter] DEBUG nextflow.executor.GridTaskHandler - [SLURM] submitted process ANNOTATE_HIPATHIA > jobId: 2039669; workDir: /mnt/lustre/scratch/CBRA/research/projects/tcga_mm/code/09_drug_repository/09_6_drexml_tcga/tcga_brca/work/1d/3e2b81c4a748c6aecadb13734a086b
jun-28 22:44:35.930 [Task submitter] INFO  nextflow.Session - [1d/3e2b81] Submitted process > ANNOTATE_HIPATHIA
jun-28 22:44:36.002 [Task submitter] DEBUG nextflow.executor.GridTaskHandler - [SLURM] submitted process NORMALIZE_GTEX > jobId: 2039670; workDir: /mnt/lustre/scratch/CBRA/research/projects/tcga_mm/code/09_drug_repository/09_6_drexml_tcga/tcga_brca/work/80/524854c43918d6a4b42eba1daada4f
jun-28 22:44:36.002 [Task submitter] INFO  nextflow.Session - [80/524854] Submitted process > NORMALIZE_GTEX
jun-28 22:44:40.720 [Task monitor] DEBUG n.processor.TaskPollingMonitor - Task completed > TaskHandler[jobId: 2039670; id: 7; name: NORMALIZE_GTEX; status: COMPLETED; exit: 0; error: -; workDir: /mnt/lustre/scratch/CBRA/research/projects/tcga_mm/code/09_drug_repository/09_6_drexml_tcga/tcga_brca/work/80/524854c43918d6a4b42eba1daada4f started: 1719607480718; exited: 2024-06-28T20:44:40Z; ]
jun-28 22:44:40.911 [Task submitter] DEBUG nextflow.executor.GridTaskHandler - [SLURM] submitted process CIRCUIT_ACTIVITY_GTEX (1) > jobId: 2039671; workDir: /mnt/lustre/scratch/CBRA/research/projects/tcga_mm/code/09_drug_repository/09_6_drexml_tcga/tcga_brca/work/6e/c7a47dc78e28aef0dad9d0e32f4e08
jun-28 22:44:40.912 [Task submitter] INFO  nextflow.Session - [6e/c7a47d] Submitted process > CIRCUIT_ACTIVITY_GTEX (1)
jun-28 22:44:41.050 [Task submitter] DEBUG nextflow.executor.GridTaskHandler - [SLURM] submitted process CIRCUIT_ACTIVITY_GTEX (2) > jobId: 2039672; workDir: /mnt/lustre/scratch/CBRA/research/projects/tcga_mm/code/09_drug_repository/09_6_drexml_tcga/tcga_brca/work/26/35aca9d17d5561e7006c340c1a8b41
jun-28 22:44:41.050 [Task submitter] INFO  nextflow.Session - [26/35aca9] Submitted process > CIRCUIT_ACTIVITY_GTEX (2)
jun-28 22:44:41.158 [Task submitter] DEBUG nextflow.executor.GridTaskHandler - [SLURM] submitted process CIRCUIT_ACTIVITY_GTEX (3) > jobId: 2039673; workDir: /mnt/lustre/scratch/CBRA/research/projects/tcga_mm/code/09_drug_repository/09_6_drexml_tcga/tcga_brca/work/4e/8211ef3191122f57eda515149c4a4b
jun-28 22:44:41.158 [Task submitter] INFO  nextflow.Session - [4e/8211ef] Submitted process > CIRCUIT_ACTIVITY_GTEX (3)
jun-28 22:44:41.300 [Task submitter] DEBUG nextflow.executor.GridTaskHandler - [SLURM] submitted process CIRCUIT_ACTIVITY_GTEX (4) > jobId: 2039674; workDir: /mnt/lustre/scratch/CBRA/research/projects/tcga_mm/code/09_drug_repository/09_6_drexml_tcga/tcga_brca/work/8e/e88c8bd54724bb8f20d21f403bfefe
jun-28 22:44:41.301 [Task submitter] INFO  nextflow.Session - [8e/e88c8b] Submitted process > CIRCUIT_ACTIVITY_GTEX (4)
jun-28 22:44:41.390 [Task submitter] DEBUG nextflow.executor.GridTaskHandler - [SLURM] submitted process GTEX_SYMBOL_CONV > jobId: 2039675; workDir: /mnt/lustre/scratch/CBRA/research/projects/tcga_mm/code/09_drug_repository/09_6_drexml_tcga/tcga_brca/work/ee/aa8c8b82a99bf82b628546abe6d4dc
jun-28 22:44:41.391 [Task submitter] INFO  nextflow.Session - [ee/aa8c8b] Submitted process > GTEX_SYMBOL_CONV
jun-28 22:44:41.520 [Task submitter] DEBUG nextflow.executor.GridTaskHandler - [SLURM] submitted process CIRCUIT_ACTIVITY_GTEX (5) > jobId: 2039676; workDir: /mnt/lustre/scratch/CBRA/research/projects/tcga_mm/code/09_drug_repository/09_6_drexml_tcga/tcga_brca/work/39/70122e9c9b39e1a74e4bdc4ce498e3
jun-28 22:44:41.520 [Task submitter] INFO  nextflow.Session - [39/70122e] Submitted process > CIRCUIT_ACTIVITY_GTEX (5)
jun-28 22:44:41.659 [Task submitter] DEBUG nextflow.executor.GridTaskHandler - [SLURM] submitted process CIRCUIT_ACTIVITY_GTEX (6) > jobId: 2039677; workDir: /mnt/lustre/scratch/CBRA/research/projects/tcga_mm/code/09_drug_repository/09_6_drexml_tcga/tcga_brca/work/dd/fb272add8167ff4344ad2cd9087680
jun-28 22:44:41.660 [Task submitter] INFO  nextflow.Session - [dd/fb272a] Submitted process > CIRCUIT_ACTIVITY_GTEX (6)
jun-28 22:44:41.792 [Task submitter] DEBUG nextflow.executor.GridTaskHandler - [SLURM] submitted process CIRCUIT_ACTIVITY_GTEX (8) > jobId: 2039678; workDir: /mnt/lustre/scratch/CBRA/research/projects/tcga_mm/code/09_drug_repository/09_6_drexml_tcga/tcga_brca/work/b5/4a3e3467a0386005458a9ac07ff5cf
jun-28 22:44:41.792 [Task submitter] INFO  nextflow.Session - [b5/4a3e34] Submitted process > CIRCUIT_ACTIVITY_GTEX (8)
jun-28 22:44:41.907 [Task submitter] DEBUG nextflow.executor.GridTaskHandler - [SLURM] submitted process CIRCUIT_ACTIVITY_GTEX (7) > jobId: 2039679; workDir: /mnt/lustre/scratch/CBRA/research/projects/tcga_mm/code/09_drug_repository/09_6_drexml_tcga/tcga_brca/work/d1/3ea3d693dabad6578cc196d34e3575
jun-28 22:44:41.908 [Task submitter] INFO  nextflow.Session - [d1/3ea3d6] Submitted process > CIRCUIT_ACTIVITY_GTEX (7)
jun-28 22:44:41.942 [Task submitter] DEBUG nextflow.executor.GridTaskHandler - [SLURM] submitted process CIRCUIT_ACTIVITY_GTEX (10) > jobId: 2039680; workDir: /mnt/lustre/scratch/CBRA/research/projects/tcga_mm/code/09_drug_repository/09_6_drexml_tcga/tcga_brca/work/61/c31c0ee524a8c8326c7be086a4f6e2
jun-28 22:44:41.942 [Task submitter] INFO  nextflow.Session - [61/c31c0e] Submitted process > CIRCUIT_ACTIVITY_GTEX (10)
jun-28 22:44:41.981 [Task submitter] DEBUG nextflow.executor.GridTaskHandler - [SLURM] submitted process CIRCUIT_ACTIVITY_GTEX (9) > jobId: 2039681; workDir: /mnt/lustre/scratch/CBRA/research/projects/tcga_mm/code/09_drug_repository/09_6_drexml_tcga/tcga_brca/work/eb/f6331e0b9545f4130dacb295eac96e
jun-28 22:44:41.981 [Task submitter] INFO  nextflow.Session - [eb/f6331e] Submitted process > CIRCUIT_ACTIVITY_GTEX (9)
jun-28 22:44:42.012 [Task submitter] DEBUG nextflow.executor.GridTaskHandler - [SLURM] submitted process CIRCUIT_ACTIVITY_GTEX (11) > jobId: 2039682; workDir: /mnt/lustre/scratch/CBRA/research/projects/tcga_mm/code/09_drug_repository/09_6_drexml_tcga/tcga_brca/work/08/28966b1415365af1e2d421ac64cc22
jun-28 22:44:42.012 [Task submitter] INFO  nextflow.Session - [08/28966b] Submitted process > CIRCUIT_ACTIVITY_GTEX (11)
jun-28 22:44:42.037 [Task submitter] DEBUG nextflow.executor.GridTaskHandler - [SLURM] submitted process CIRCUIT_ACTIVITY_GTEX (12) > jobId: 2039683; workDir: /mnt/lustre/scratch/CBRA/research/projects/tcga_mm/code/09_drug_repository/09_6_drexml_tcga/tcga_brca/work/a3/f132d13b555c5259d032592c0cd9d5
jun-28 22:44:42.037 [Task submitter] INFO  nextflow.Session - [a3/f132d1] Submitted process > CIRCUIT_ACTIVITY_GTEX (12)
jun-28 22:44:42.076 [Task submitter] DEBUG nextflow.executor.GridTaskHandler - [SLURM] submitted process CIRCUIT_ACTIVITY_GTEX (14) > jobId: 2039684; workDir: /mnt/lustre/scratch/CBRA/research/projects/tcga_mm/code/09_drug_repository/09_6_drexml_tcga/tcga_brca/work/06/72ea5fe57ed7a35e7d52c433ee2e24
jun-28 22:44:42.076 [Task submitter] INFO  nextflow.Session - [06/72ea5f] Submitted process > CIRCUIT_ACTIVITY_GTEX (14)
jun-28 22:44:42.094 [Task submitter] DEBUG nextflow.executor.GridTaskHandler - [SLURM] submitted process CIRCUIT_ACTIVITY_GTEX (13) > jobId: 2039685; workDir: /mnt/lustre/scratch/CBRA/research/projects/tcga_mm/code/09_drug_repository/09_6_drexml_tcga/tcga_brca/work/51/83f6ff70061efb78f7093ffe665c40
jun-28 22:44:42.094 [Task submitter] INFO  nextflow.Session - [51/83f6ff] Submitted process > CIRCUIT_ACTIVITY_GTEX (13)
jun-28 22:44:42.304 [Task submitter] DEBUG nextflow.executor.GridTaskHandler - [SLURM] submitted process CIRCUIT_ACTIVITY_GTEX (16) > jobId: 2039686; workDir: /mnt/lustre/scratch/CBRA/research/projects/tcga_mm/code/09_drug_repository/09_6_drexml_tcga/tcga_brca/work/ca/b831758e65b9ebfa6a749dfb9d547c
jun-28 22:44:42.304 [Task submitter] INFO  nextflow.Session - [ca/b83175] Submitted process > CIRCUIT_ACTIVITY_GTEX (16)
jun-28 22:44:42.327 [Task submitter] DEBUG nextflow.executor.GridTaskHandler - [SLURM] submitted process CIRCUIT_ACTIVITY_GTEX (15) > jobId: 2039687; workDir: /mnt/lustre/scratch/CBRA/research/projects/tcga_mm/code/09_drug_repository/09_6_drexml_tcga/tcga_brca/work/8f/cfdc1c869454372b42dcb6644b7ed2
jun-28 22:44:42.327 [Task submitter] INFO  nextflow.Session - [8f/cfdc1c] Submitted process > CIRCUIT_ACTIVITY_GTEX (15)
jun-28 22:44:42.357 [Task submitter] DEBUG nextflow.executor.GridTaskHandler - [SLURM] submitted process CIRCUIT_ACTIVITY_GTEX (17) > jobId: 2039688; workDir: /mnt/lustre/scratch/CBRA/research/projects/tcga_mm/code/09_drug_repository/09_6_drexml_tcga/tcga_brca/work/7b/74e5f3a8592191aaefa3ed04635525
jun-28 22:44:42.357 [Task submitter] INFO  nextflow.Session - [7b/74e5f3] Submitted process > CIRCUIT_ACTIVITY_GTEX (17)
jun-28 22:44:42.381 [Task submitter] DEBUG nextflow.executor.GridTaskHandler - [SLURM] submitted process CIRCUIT_ACTIVITY_GTEX (18) > jobId: 2039689; workDir: /mnt/lustre/scratch/CBRA/research/projects/tcga_mm/code/09_drug_repository/09_6_drexml_tcga/tcga_brca/work/83/f9a4eee659291779f132c441aac2ea
jun-28 22:44:42.381 [Task submitter] INFO  nextflow.Session - [83/f9a4ee] Submitted process > CIRCUIT_ACTIVITY_GTEX (18)
jun-28 22:44:42.414 [Task submitter] DEBUG nextflow.executor.GridTaskHandler - [SLURM] submitted process CIRCUIT_ACTIVITY_GTEX (19) > jobId: 2039690; workDir: /mnt/lustre/scratch/CBRA/research/projects/tcga_mm/code/09_drug_repository/09_6_drexml_tcga/tcga_brca/work/7f/280065c95bb2cc7f2ea5e16b78700e
jun-28 22:44:42.414 [Task submitter] INFO  nextflow.Session - [7f/280065] Submitted process > CIRCUIT_ACTIVITY_GTEX (19)
jun-28 22:44:42.433 [Task submitter] DEBUG nextflow.executor.GridTaskHandler - [SLURM] submitted process CIRCUIT_ACTIVITY_GTEX (20) > jobId: 2039691; workDir: /mnt/lustre/scratch/CBRA/research/projects/tcga_mm/code/09_drug_repository/09_6_drexml_tcga/tcga_brca/work/2b/fc46249abbbe7002bfee701099ea8c
jun-28 22:44:42.434 [Task submitter] INFO  nextflow.Session - [2b/fc4624] Submitted process > CIRCUIT_ACTIVITY_GTEX (20)
jun-28 22:44:42.525 [Task submitter] DEBUG nextflow.executor.GridTaskHandler - [SLURM] submitted process CIRCUIT_ACTIVITY_GTEX (21) > jobId: 2039692; workDir: /mnt/lustre/scratch/CBRA/research/projects/tcga_mm/code/09_drug_repository/09_6_drexml_tcga/tcga_brca/work/3a/d37918b8b8db2c9673d1c55545a9a5
jun-28 22:44:42.525 [Task submitter] INFO  nextflow.Session - [3a/d37918] Submitted process > CIRCUIT_ACTIVITY_GTEX (21)
jun-28 22:44:42.736 [Task submitter] DEBUG nextflow.executor.GridTaskHandler - [SLURM] submitted process CIRCUIT_ACTIVITY_GTEX (22) > jobId: 2039693; workDir: /mnt/lustre/scratch/CBRA/research/projects/tcga_mm/code/09_drug_repository/09_6_drexml_tcga/tcga_brca/work/65/ae447b380df173b2c1e19662a1dd58
jun-28 22:44:42.737 [Task submitter] INFO  nextflow.Session - [65/ae447b] Submitted process > CIRCUIT_ACTIVITY_GTEX (22)
jun-28 22:44:42.767 [Task submitter] DEBUG nextflow.executor.GridTaskHandler - [SLURM] submitted process CIRCUIT_ACTIVITY_GTEX (24) > jobId: 2039694; workDir: /mnt/lustre/scratch/CBRA/research/projects/tcga_mm/code/09_drug_repository/09_6_drexml_tcga/tcga_brca/work/3c/9036be62d47e248bc1585f16ba2c8f
jun-28 22:44:42.767 [Task submitter] INFO  nextflow.Session - [3c/9036be] Submitted process > CIRCUIT_ACTIVITY_GTEX (24)
jun-28 22:44:42.789 [Task submitter] DEBUG nextflow.executor.GridTaskHandler - [SLURM] submitted process CIRCUIT_ACTIVITY_GTEX (23) > jobId: 2039695; workDir: /mnt/lustre/scratch/CBRA/research/projects/tcga_mm/code/09_drug_repository/09_6_drexml_tcga/tcga_brca/work/3e/c07116509f9da04d7018763bded3f1
jun-28 22:44:42.789 [Task submitter] INFO  nextflow.Session - [3e/c07116] Submitted process > CIRCUIT_ACTIVITY_GTEX (23)
jun-28 22:44:42.809 [Task submitter] DEBUG nextflow.executor.GridTaskHandler - [SLURM] submitted process CIRCUIT_ACTIVITY_GTEX (25) > jobId: 2039696; workDir: /mnt/lustre/scratch/CBRA/research/projects/tcga_mm/code/09_drug_repository/09_6_drexml_tcga/tcga_brca/work/71/65785ed77ae99f4b3818194259c296
jun-28 22:44:42.810 [Task submitter] INFO  nextflow.Session - [71/65785e] Submitted process > CIRCUIT_ACTIVITY_GTEX (25)
jun-28 22:44:42.830 [Task submitter] DEBUG nextflow.executor.GridTaskHandler - [SLURM] submitted process CIRCUIT_ACTIVITY_GTEX (26) > jobId: 2039697; workDir: /mnt/lustre/scratch/CBRA/research/projects/tcga_mm/code/09_drug_repository/09_6_drexml_tcga/tcga_brca/work/3b/c8d0c596872d9d4ee3a68184468a74
jun-28 22:44:42.831 [Task submitter] INFO  nextflow.Session - [3b/c8d0c5] Submitted process > CIRCUIT_ACTIVITY_GTEX (26)
jun-28 22:44:42.848 [Task submitter] DEBUG nextflow.executor.GridTaskHandler - [SLURM] submitted process CIRCUIT_ACTIVITY_GTEX (27) > jobId: 2039698; workDir: /mnt/lustre/scratch/CBRA/research/projects/tcga_mm/code/09_drug_repository/09_6_drexml_tcga/tcga_brca/work/0e/44ca0b2099f9b11c33860719fb98d9
jun-28 22:44:42.849 [Task submitter] INFO  nextflow.Session - [0e/44ca0b] Submitted process > CIRCUIT_ACTIVITY_GTEX (27)
jun-28 22:44:42.868 [Task submitter] DEBUG nextflow.executor.GridTaskHandler - [SLURM] submitted process CIRCUIT_ACTIVITY_GTEX (28) > jobId: 2039699; workDir: /mnt/lustre/scratch/CBRA/research/projects/tcga_mm/code/09_drug_repository/09_6_drexml_tcga/tcga_brca/work/cc/757c9285b67fa4896defc092903602
jun-28 22:44:42.868 [Task submitter] INFO  nextflow.Session - [cc/757c92] Submitted process > CIRCUIT_ACTIVITY_GTEX (28)
jun-28 22:44:42.891 [Task submitter] DEBUG nextflow.executor.GridTaskHandler - [SLURM] submitted process CIRCUIT_ACTIVITY_GTEX (30) > jobId: 2039700; workDir: /mnt/lustre/scratch/CBRA/research/projects/tcga_mm/code/09_drug_repository/09_6_drexml_tcga/tcga_brca/work/e9/b0a23db7d0fe2c94ef8ce65f945ecf
jun-28 22:44:42.891 [Task submitter] INFO  nextflow.Session - [e9/b0a23d] Submitted process > CIRCUIT_ACTIVITY_GTEX (30)
jun-28 22:44:42.910 [Task submitter] DEBUG nextflow.executor.GridTaskHandler - [SLURM] submitted process CIRCUIT_ACTIVITY_GTEX (29) > jobId: 2039701; workDir: /mnt/lustre/scratch/CBRA/research/projects/tcga_mm/code/09_drug_repository/09_6_drexml_tcga/tcga_brca/work/7e/be93fe6cbfac35a9aded64e4959f53
jun-28 22:44:42.910 [Task submitter] INFO  nextflow.Session - [7e/be93fe] Submitted process > CIRCUIT_ACTIVITY_GTEX (29)
jun-28 22:44:42.975 [Task submitter] DEBUG nextflow.executor.GridTaskHandler - [SLURM] submitted process CIRCUIT_ACTIVITY_GTEX (32) > jobId: 2039702; workDir: /mnt/lustre/scratch/CBRA/research/projects/tcga_mm/code/09_drug_repository/09_6_drexml_tcga/tcga_brca/work/48/73745adfa235555d88272b50cacd14
jun-28 22:44:42.975 [Task submitter] INFO  nextflow.Session - [48/73745a] Submitted process > CIRCUIT_ACTIVITY_GTEX (32)
jun-28 22:44:42.998 [Task submitter] DEBUG nextflow.executor.GridTaskHandler - [SLURM] submitted process CIRCUIT_ACTIVITY_GTEX (31) > jobId: 2039703; workDir: /mnt/lustre/scratch/CBRA/research/projects/tcga_mm/code/09_drug_repository/09_6_drexml_tcga/tcga_brca/work/1c/62409de56f4037444cd890bafde4a4
jun-28 22:44:42.998 [Task submitter] INFO  nextflow.Session - [1c/62409d] Submitted process > CIRCUIT_ACTIVITY_GTEX (31)
jun-28 22:44:43.021 [Task submitter] DEBUG nextflow.executor.GridTaskHandler - [SLURM] submitted process CIRCUIT_ACTIVITY_GTEX (33) > jobId: 2039704; workDir: /mnt/lustre/scratch/CBRA/research/projects/tcga_mm/code/09_drug_repository/09_6_drexml_tcga/tcga_brca/work/51/7d650fa360f46702d97b3739b69287
jun-28 22:44:43.022 [Task submitter] INFO  nextflow.Session - [51/7d650f] Submitted process > CIRCUIT_ACTIVITY_GTEX (33)
jun-28 22:44:43.043 [Task submitter] DEBUG nextflow.executor.GridTaskHandler - [SLURM] submitted process CIRCUIT_ACTIVITY_GTEX (34) > jobId: 2039705; workDir: /mnt/lustre/scratch/CBRA/research/projects/tcga_mm/code/09_drug_repository/09_6_drexml_tcga/tcga_brca/work/f4/842791282761ea5bdf8332e7040fa1
jun-28 22:44:43.043 [Task submitter] INFO  nextflow.Session - [f4/842791] Submitted process > CIRCUIT_ACTIVITY_GTEX (34)
jun-28 22:44:43.071 [Task submitter] DEBUG nextflow.executor.GridTaskHandler - [SLURM] submitted process CIRCUIT_ACTIVITY_GTEX (36) > jobId: 2039706; workDir: /mnt/lustre/scratch/CBRA/research/projects/tcga_mm/code/09_drug_repository/09_6_drexml_tcga/tcga_brca/work/7a/ba221c125794f22b1bedcdec232cde
jun-28 22:44:43.072 [Task submitter] INFO  nextflow.Session - [7a/ba221c] Submitted process > CIRCUIT_ACTIVITY_GTEX (36)
jun-28 22:44:43.092 [Task submitter] DEBUG nextflow.executor.GridTaskHandler - [SLURM] submitted process CIRCUIT_ACTIVITY_GTEX (35) > jobId: 2039707; workDir: /mnt/lustre/scratch/CBRA/research/projects/tcga_mm/code/09_drug_repository/09_6_drexml_tcga/tcga_brca/work/d9/9f011b350cf344c04c135cbeb3ac5c
jun-28 22:44:43.092 [Task submitter] INFO  nextflow.Session - [d9/9f011b] Submitted process > CIRCUIT_ACTIVITY_GTEX (35)
jun-28 22:44:43.306 [Task submitter] DEBUG nextflow.executor.GridTaskHandler - [SLURM] submitted process CIRCUIT_ACTIVITY_GTEX (37) > jobId: 2039708; workDir: /mnt/lustre/scratch/CBRA/research/projects/tcga_mm/code/09_drug_repository/09_6_drexml_tcga/tcga_brca/work/c2/ba2fa2e72bd50b0a4bd789d3b9929a
jun-28 22:44:43.306 [Task submitter] INFO  nextflow.Session - [c2/ba2fa2] Submitted process > CIRCUIT_ACTIVITY_GTEX (37)
jun-28 22:44:43.336 [Task submitter] DEBUG nextflow.executor.GridTaskHandler - [SLURM] submitted process CIRCUIT_ACTIVITY_GTEX (38) > jobId: 2039709; workDir: /mnt/lustre/scratch/CBRA/research/projects/tcga_mm/code/09_drug_repository/09_6_drexml_tcga/tcga_brca/work/15/e2ff06d8b9d396d7880fbf15106525
jun-28 22:44:43.336 [Task submitter] INFO  nextflow.Session - [15/e2ff06] Submitted process > CIRCUIT_ACTIVITY_GTEX (38)
jun-28 22:44:43.356 [Task submitter] DEBUG nextflow.executor.GridTaskHandler - [SLURM] submitted process CIRCUIT_ACTIVITY_GTEX (40) > jobId: 2039710; workDir: /mnt/lustre/scratch/CBRA/research/projects/tcga_mm/code/09_drug_repository/09_6_drexml_tcga/tcga_brca/work/de/0fc19fcb2231ad876ff34a194396f6
jun-28 22:44:43.357 [Task submitter] INFO  nextflow.Session - [de/0fc19f] Submitted process > CIRCUIT_ACTIVITY_GTEX (40)
jun-28 22:44:43.380 [Task submitter] DEBUG nextflow.executor.GridTaskHandler - [SLURM] submitted process CIRCUIT_ACTIVITY_GTEX (39) > jobId: 2039711; workDir: /mnt/lustre/scratch/CBRA/research/projects/tcga_mm/code/09_drug_repository/09_6_drexml_tcga/tcga_brca/work/b6/23acd819c8bb902a33b973cb53a924
jun-28 22:44:43.380 [Task submitter] INFO  nextflow.Session - [b6/23acd8] Submitted process > CIRCUIT_ACTIVITY_GTEX (39)
jun-28 22:44:43.420 [Task submitter] DEBUG nextflow.executor.GridTaskHandler - [SLURM] submitted process CIRCUIT_ACTIVITY_GTEX (41) > jobId: 2039712; workDir: /mnt/lustre/scratch/CBRA/research/projects/tcga_mm/code/09_drug_repository/09_6_drexml_tcga/tcga_brca/work/31/2e2651397e07af703e74033f31212c
jun-28 22:44:43.420 [Task submitter] INFO  nextflow.Session - [31/2e2651] Submitted process > CIRCUIT_ACTIVITY_GTEX (41)
jun-28 22:44:43.437 [Task submitter] DEBUG nextflow.executor.GridTaskHandler - [SLURM] submitted process CIRCUIT_ACTIVITY_GTEX (42) > jobId: 2039713; workDir: /mnt/lustre/scratch/CBRA/research/projects/tcga_mm/code/09_drug_repository/09_6_drexml_tcga/tcga_brca/work/ae/1523265ebf11846c02a56a8c669f27
jun-28 22:44:43.438 [Task submitter] INFO  nextflow.Session - [ae/152326] Submitted process > CIRCUIT_ACTIVITY_GTEX (42)
jun-28 22:44:43.461 [Task submitter] DEBUG nextflow.executor.GridTaskHandler - [SLURM] submitted process CIRCUIT_ACTIVITY_GTEX (43) > jobId: 2039714; workDir: /mnt/lustre/scratch/CBRA/research/projects/tcga_mm/code/09_drug_repository/09_6_drexml_tcga/tcga_brca/work/3d/5e8175d57f6fa2d231072b729d9f14
jun-28 22:44:43.462 [Task submitter] INFO  nextflow.Session - [3d/5e8175] Submitted process > CIRCUIT_ACTIVITY_GTEX (43)
jun-28 22:44:43.483 [Task submitter] DEBUG nextflow.executor.GridTaskHandler - [SLURM] submitted process CIRCUIT_ACTIVITY_GTEX (44) > jobId: 2039715; workDir: /mnt/lustre/scratch/CBRA/research/projects/tcga_mm/code/09_drug_repository/09_6_drexml_tcga/tcga_brca/work/ab/74354b9e7bec71ef9f4c2a1d16a324
jun-28 22:44:43.484 [Task submitter] INFO  nextflow.Session - [ab/74354b] Submitted process > CIRCUIT_ACTIVITY_GTEX (44)
jun-28 22:44:43.506 [Task submitter] DEBUG nextflow.executor.GridTaskHandler - [SLURM] submitted process CIRCUIT_ACTIVITY_GTEX (46) > jobId: 2039716; workDir: /mnt/lustre/scratch/CBRA/research/projects/tcga_mm/code/09_drug_repository/09_6_drexml_tcga/tcga_brca/work/11/ab66d34dd0f8b9d2c158aeef84946a
jun-28 22:44:43.507 [Task submitter] INFO  nextflow.Session - [11/ab66d3] Submitted process > CIRCUIT_ACTIVITY_GTEX (46)
jun-28 22:44:43.525 [Task submitter] DEBUG nextflow.executor.GridTaskHandler - [SLURM] submitted process CIRCUIT_ACTIVITY_GTEX (45) > jobId: 2039717; workDir: /mnt/lustre/scratch/CBRA/research/projects/tcga_mm/code/09_drug_repository/09_6_drexml_tcga/tcga_brca/work/7c/3fdb4ade4d4646ed819bf42d359561
jun-28 22:44:43.525 [Task submitter] INFO  nextflow.Session - [7c/3fdb4a] Submitted process > CIRCUIT_ACTIVITY_GTEX (45)
jun-28 22:44:43.563 [Task submitter] DEBUG nextflow.executor.GridTaskHandler - [SLURM] submitted process CIRCUIT_ACTIVITY_GTEX (47) > jobId: 2039718; workDir: /mnt/lustre/scratch/CBRA/research/projects/tcga_mm/code/09_drug_repository/09_6_drexml_tcga/tcga_brca/work/4b/010909bde368a0ea84c3ccd13b2b2a
jun-28 22:44:43.563 [Task submitter] INFO  nextflow.Session - [4b/010909] Submitted process > CIRCUIT_ACTIVITY_GTEX (47)
jun-28 22:44:43.607 [Task submitter] DEBUG nextflow.executor.GridTaskHandler - [SLURM] submitted process CIRCUIT_ACTIVITY_GTEX (48) > jobId: 2039719; workDir: /mnt/lustre/scratch/CBRA/research/projects/tcga_mm/code/09_drug_repository/09_6_drexml_tcga/tcga_brca/work/1f/1d84cf39954ece80b73856e9ba28ce
jun-28 22:44:43.607 [Task submitter] INFO  nextflow.Session - [1f/1d84cf] Submitted process > CIRCUIT_ACTIVITY_GTEX (48)
jun-28 22:44:43.624 [Task submitter] DEBUG nextflow.executor.GridTaskHandler - [SLURM] submitted process CIRCUIT_ACTIVITY_GTEX (49) > jobId: 2039720; workDir: /mnt/lustre/scratch/CBRA/research/projects/tcga_mm/code/09_drug_repository/09_6_drexml_tcga/tcga_brca/work/3a/1b001febbcac3613cd130ec6cd1955
jun-28 22:44:43.624 [Task submitter] INFO  nextflow.Session - [3a/1b001f] Submitted process > CIRCUIT_ACTIVITY_GTEX (49)
jun-28 22:44:43.642 [Task submitter] DEBUG nextflow.executor.GridTaskHandler - [SLURM] submitted process CIRCUIT_ACTIVITY_GTEX (50) > jobId: 2039721; workDir: /mnt/lustre/scratch/CBRA/research/projects/tcga_mm/code/09_drug_repository/09_6_drexml_tcga/tcga_brca/work/4f/f03b9d6b4dd83f45b0ad6b43d3b341
jun-28 22:44:43.643 [Task submitter] INFO  nextflow.Session - [4f/f03b9d] Submitted process > CIRCUIT_ACTIVITY_GTEX (50)
jun-28 22:44:43.662 [Task submitter] DEBUG nextflow.executor.GridTaskHandler - [SLURM] submitted process CIRCUIT_ACTIVITY_GTEX (51) > jobId: 2039722; workDir: /mnt/lustre/scratch/CBRA/research/projects/tcga_mm/code/09_drug_repository/09_6_drexml_tcga/tcga_brca/work/d9/d7bb0a709a257164c1b2cd47509e70
jun-28 22:44:43.662 [Task submitter] INFO  nextflow.Session - [d9/d7bb0a] Submitted process > CIRCUIT_ACTIVITY_GTEX (51)
jun-28 22:44:43.679 [Task submitter] DEBUG nextflow.executor.GridTaskHandler - [SLURM] submitted process CIRCUIT_ACTIVITY_GTEX (52) > jobId: 2039723; workDir: /mnt/lustre/scratch/CBRA/research/projects/tcga_mm/code/09_drug_repository/09_6_drexml_tcga/tcga_brca/work/8a/d4c1acd7bb31246379f3dcb322aec9
jun-28 22:44:43.679 [Task submitter] INFO  nextflow.Session - [8a/d4c1ac] Submitted process > CIRCUIT_ACTIVITY_GTEX (52)
jun-28 22:44:43.701 [Task submitter] DEBUG nextflow.executor.GridTaskHandler - [SLURM] submitted process CIRCUIT_ACTIVITY_GTEX (53) > jobId: 2039724; workDir: /mnt/lustre/scratch/CBRA/research/projects/tcga_mm/code/09_drug_repository/09_6_drexml_tcga/tcga_brca/work/d2/332ece5a0f5513b9edce1e02ee9f7a
jun-28 22:44:43.701 [Task submitter] INFO  nextflow.Session - [d2/332ece] Submitted process > CIRCUIT_ACTIVITY_GTEX (53)
jun-28 22:44:43.717 [Task submitter] DEBUG nextflow.executor.GridTaskHandler - [SLURM] submitted process CIRCUIT_ACTIVITY_GTEX (54) > jobId: 2039725; workDir: /mnt/lustre/scratch/CBRA/research/projects/tcga_mm/code/09_drug_repository/09_6_drexml_tcga/tcga_brca/work/88/622959d77674197ba6a0809e3ee586
jun-28 22:44:43.717 [Task submitter] INFO  nextflow.Session - [88/622959] Submitted process > CIRCUIT_ACTIVITY_GTEX (54)
jun-28 22:44:43.749 [Task submitter] DEBUG nextflow.executor.GridTaskHandler - [SLURM] submitted process CIRCUIT_ACTIVITY_GTEX (55) > jobId: 2039726; workDir: /mnt/lustre/scratch/CBRA/research/projects/tcga_mm/code/09_drug_repository/09_6_drexml_tcga/tcga_brca/work/25/b13a47c38ccac0b3fb900b0e55a47c
jun-28 22:44:43.749 [Task submitter] INFO  nextflow.Session - [25/b13a47] Submitted process > CIRCUIT_ACTIVITY_GTEX (55)
jun-28 22:44:43.817 [Task submitter] DEBUG nextflow.executor.GridTaskHandler - [SLURM] submitted process CIRCUIT_ACTIVITY_GTEX (56) > jobId: 2039727; workDir: /mnt/lustre/scratch/CBRA/research/projects/tcga_mm/code/09_drug_repository/09_6_drexml_tcga/tcga_brca/work/07/7d89be33c15969af59634d479e519a
jun-28 22:44:43.817 [Task submitter] INFO  nextflow.Session - [07/7d89be] Submitted process > CIRCUIT_ACTIVITY_GTEX (56)
jun-28 22:44:43.864 [Task submitter] DEBUG nextflow.executor.GridTaskHandler - [SLURM] submitted process CIRCUIT_ACTIVITY_GTEX (57) > jobId: 2039728; workDir: /mnt/lustre/scratch/CBRA/research/projects/tcga_mm/code/09_drug_repository/09_6_drexml_tcga/tcga_brca/work/8a/1d3876eb0f909a6d274df2d3763a86
jun-28 22:44:43.864 [Task submitter] INFO  nextflow.Session - [8a/1d3876] Submitted process > CIRCUIT_ACTIVITY_GTEX (57)
jun-28 22:44:43.888 [Task submitter] DEBUG nextflow.executor.GridTaskHandler - [SLURM] submitted process CIRCUIT_ACTIVITY_GTEX (59) > jobId: 2039729; workDir: /mnt/lustre/scratch/CBRA/research/projects/tcga_mm/code/09_drug_repository/09_6_drexml_tcga/tcga_brca/work/b2/1a9b6c094a52a23af26bb3927aefc7
jun-28 22:44:43.889 [Task submitter] INFO  nextflow.Session - [b2/1a9b6c] Submitted process > CIRCUIT_ACTIVITY_GTEX (59)
jun-28 22:44:43.910 [Task submitter] DEBUG nextflow.executor.GridTaskHandler - [SLURM] submitted process CIRCUIT_ACTIVITY_GTEX (58) > jobId: 2039730; workDir: /mnt/lustre/scratch/CBRA/research/projects/tcga_mm/code/09_drug_repository/09_6_drexml_tcga/tcga_brca/work/e3/c49f2144daaba3ea6a0c7c30870096
jun-28 22:44:43.910 [Task submitter] INFO  nextflow.Session - [e3/c49f21] Submitted process > CIRCUIT_ACTIVITY_GTEX (58)
jun-28 22:44:43.930 [Task submitter] DEBUG nextflow.executor.GridTaskHandler - [SLURM] submitted process CIRCUIT_ACTIVITY_GTEX (60) > jobId: 2039731; workDir: /mnt/lustre/scratch/CBRA/research/projects/tcga_mm/code/09_drug_repository/09_6_drexml_tcga/tcga_brca/work/51/e7fc4c89e7781511f165df8517bf2d
jun-28 22:44:43.930 [Task submitter] INFO  nextflow.Session - [51/e7fc4c] Submitted process > CIRCUIT_ACTIVITY_GTEX (60)
jun-28 22:44:43.983 [Task submitter] DEBUG nextflow.executor.GridTaskHandler - [SLURM] submitted process CIRCUIT_ACTIVITY_GTEX (61) > jobId: 2039732; workDir: /mnt/lustre/scratch/CBRA/research/projects/tcga_mm/code/09_drug_repository/09_6_drexml_tcga/tcga_brca/work/e6/8a8fa850a1304bcee0659d98d1868e
jun-28 22:44:43.983 [Task submitter] INFO  nextflow.Session - [e6/8a8fa8] Submitted process > CIRCUIT_ACTIVITY_GTEX (61)
jun-28 22:44:44.024 [Task submitter] DEBUG nextflow.executor.GridTaskHandler - [SLURM] submitted process CIRCUIT_ACTIVITY_GTEX (62) > jobId: 2039733; workDir: /mnt/lustre/scratch/CBRA/research/projects/tcga_mm/code/09_drug_repository/09_6_drexml_tcga/tcga_brca/work/d4/857cb2c082fe46ab2a764f95a537bd
jun-28 22:44:44.024 [Task submitter] INFO  nextflow.Session - [d4/857cb2] Submitted process > CIRCUIT_ACTIVITY_GTEX (62)
jun-28 22:44:44.048 [Task submitter] DEBUG nextflow.executor.GridTaskHandler - [SLURM] submitted process CIRCUIT_ACTIVITY_GTEX (63) > jobId: 2039734; workDir: /mnt/lustre/scratch/CBRA/research/projects/tcga_mm/code/09_drug_repository/09_6_drexml_tcga/tcga_brca/work/d4/fc52e5f472a08954e692bb117aac4b
jun-28 22:44:44.048 [Task submitter] INFO  nextflow.Session - [d4/fc52e5] Submitted process > CIRCUIT_ACTIVITY_GTEX (63)
jun-28 22:44:44.068 [Task submitter] DEBUG nextflow.executor.GridTaskHandler - [SLURM] submitted process CIRCUIT_ACTIVITY_GTEX (64) > jobId: 2039735; workDir: /mnt/lustre/scratch/CBRA/research/projects/tcga_mm/code/09_drug_repository/09_6_drexml_tcga/tcga_brca/work/9c/f1aec8a402f096a0713f28c8541dab
jun-28 22:44:44.069 [Task submitter] INFO  nextflow.Session - [9c/f1aec8] Submitted process > CIRCUIT_ACTIVITY_GTEX (64)
jun-28 22:44:44.088 [Task submitter] DEBUG nextflow.executor.GridTaskHandler - [SLURM] submitted process CIRCUIT_ACTIVITY_GTEX (65) > jobId: 2039736; workDir: /mnt/lustre/scratch/CBRA/research/projects/tcga_mm/code/09_drug_repository/09_6_drexml_tcga/tcga_brca/work/9b/363eb39b455a1542ffb178da2e3928
jun-28 22:44:44.088 [Task submitter] INFO  nextflow.Session - [9b/363eb3] Submitted process > CIRCUIT_ACTIVITY_GTEX (65)
jun-28 22:44:44.111 [Task submitter] DEBUG nextflow.executor.GridTaskHandler - [SLURM] submitted process CIRCUIT_ACTIVITY_GTEX (66) > jobId: 2039737; workDir: /mnt/lustre/scratch/CBRA/research/projects/tcga_mm/code/09_drug_repository/09_6_drexml_tcga/tcga_brca/work/7c/30822fa85956dda230c01096f67112
jun-28 22:44:44.111 [Task submitter] INFO  nextflow.Session - [7c/30822f] Submitted process > CIRCUIT_ACTIVITY_GTEX (66)
jun-28 22:44:44.137 [Task submitter] DEBUG nextflow.executor.GridTaskHandler - [SLURM] submitted process CIRCUIT_ACTIVITY_GTEX (67) > jobId: 2039738; workDir: /mnt/lustre/scratch/CBRA/research/projects/tcga_mm/code/09_drug_repository/09_6_drexml_tcga/tcga_brca/work/d6/591490aea66001d8b7d262884a6454
jun-28 22:44:44.137 [Task submitter] INFO  nextflow.Session - [d6/591490] Submitted process > CIRCUIT_ACTIVITY_GTEX (67)
jun-28 22:44:44.155 [Task submitter] DEBUG nextflow.executor.GridTaskHandler - [SLURM] submitted process CIRCUIT_ACTIVITY_GTEX (68) > jobId: 2039739; workDir: /mnt/lustre/scratch/CBRA/research/projects/tcga_mm/code/09_drug_repository/09_6_drexml_tcga/tcga_brca/work/0e/afed52d8fd2afe34785a5bf7c81559
jun-28 22:44:44.156 [Task submitter] INFO  nextflow.Session - [0e/afed52] Submitted process > CIRCUIT_ACTIVITY_GTEX (68)
jun-28 22:44:44.172 [Task submitter] DEBUG nextflow.executor.GridTaskHandler - [SLURM] submitted process CIRCUIT_ACTIVITY_GTEX (69) > jobId: 2039740; workDir: /mnt/lustre/scratch/CBRA/research/projects/tcga_mm/code/09_drug_repository/09_6_drexml_tcga/tcga_brca/work/f7/a10d9eb8f93448f0d947e25a05be86
jun-28 22:44:44.172 [Task submitter] INFO  nextflow.Session - [f7/a10d9e] Submitted process > CIRCUIT_ACTIVITY_GTEX (69)
jun-28 22:44:44.196 [Task submitter] DEBUG nextflow.executor.GridTaskHandler - [SLURM] submitted process CIRCUIT_ACTIVITY_GTEX (71) > jobId: 2039741; workDir: /mnt/lustre/scratch/CBRA/research/projects/tcga_mm/code/09_drug_repository/09_6_drexml_tcga/tcga_brca/work/80/f047b93335061a42b8363149931123
jun-28 22:44:44.197 [Task submitter] INFO  nextflow.Session - [80/f047b9] Submitted process > CIRCUIT_ACTIVITY_GTEX (71)
jun-28 22:44:44.214 [Task submitter] DEBUG nextflow.executor.GridTaskHandler - [SLURM] submitted process CIRCUIT_ACTIVITY_GTEX (70) > jobId: 2039742; workDir: /mnt/lustre/scratch/CBRA/research/projects/tcga_mm/code/09_drug_repository/09_6_drexml_tcga/tcga_brca/work/4a/afd541e719f0d5bee80f8da2cde13a
jun-28 22:44:44.214 [Task submitter] INFO  nextflow.Session - [4a/afd541] Submitted process > CIRCUIT_ACTIVITY_GTEX (70)
jun-28 22:44:44.232 [Task submitter] DEBUG nextflow.executor.GridTaskHandler - [SLURM] submitted process CIRCUIT_ACTIVITY_GTEX (73) > jobId: 2039743; workDir: /mnt/lustre/scratch/CBRA/research/projects/tcga_mm/code/09_drug_repository/09_6_drexml_tcga/tcga_brca/work/e6/c4f2c641b5ab63600ff4e038f55247
jun-28 22:44:44.232 [Task submitter] INFO  nextflow.Session - [e6/c4f2c6] Submitted process > CIRCUIT_ACTIVITY_GTEX (73)
jun-28 22:44:44.248 [Task submitter] DEBUG nextflow.executor.GridTaskHandler - [SLURM] submitted process CIRCUIT_ACTIVITY_GTEX (72) > jobId: 2039744; workDir: /mnt/lustre/scratch/CBRA/research/projects/tcga_mm/code/09_drug_repository/09_6_drexml_tcga/tcga_brca/work/29/c3b99182ae412581fd0a2414a6dfa0
jun-28 22:44:44.248 [Task submitter] INFO  nextflow.Session - [29/c3b991] Submitted process > CIRCUIT_ACTIVITY_GTEX (72)
jun-28 22:44:44.265 [Task submitter] DEBUG nextflow.executor.GridTaskHandler - [SLURM] submitted process CIRCUIT_ACTIVITY_GTEX (74) > jobId: 2039745; workDir: /mnt/lustre/scratch/CBRA/research/projects/tcga_mm/code/09_drug_repository/09_6_drexml_tcga/tcga_brca/work/5a/f7d746bd46d314ebc5c0948991c0fd
jun-28 22:44:44.265 [Task submitter] INFO  nextflow.Session - [5a/f7d746] Submitted process > CIRCUIT_ACTIVITY_GTEX (74)
jun-28 22:44:44.282 [Task submitter] DEBUG nextflow.executor.GridTaskHandler - [SLURM] submitted process CIRCUIT_ACTIVITY_GTEX (75) > jobId: 2039746; workDir: /mnt/lustre/scratch/CBRA/research/projects/tcga_mm/code/09_drug_repository/09_6_drexml_tcga/tcga_brca/work/2a/b57fe387f88898c63eaf0c92797134
jun-28 22:44:44.282 [Task submitter] INFO  nextflow.Session - [2a/b57fe3] Submitted process > CIRCUIT_ACTIVITY_GTEX (75)
jun-28 22:44:44.306 [Task submitter] DEBUG nextflow.executor.GridTaskHandler - [SLURM] submitted process CIRCUIT_ACTIVITY_GTEX (77) > jobId: 2039747; workDir: /mnt/lustre/scratch/CBRA/research/projects/tcga_mm/code/09_drug_repository/09_6_drexml_tcga/tcga_brca/work/a8/987388de00a4e7d4c1c5b46c3da6ec
jun-28 22:44:44.306 [Task submitter] INFO  nextflow.Session - [a8/987388] Submitted process > CIRCUIT_ACTIVITY_GTEX (77)
jun-28 22:44:44.332 [Task submitter] DEBUG nextflow.executor.GridTaskHandler - [SLURM] submitted process CIRCUIT_ACTIVITY_GTEX (76) > jobId: 2039748; workDir: /mnt/lustre/scratch/CBRA/research/projects/tcga_mm/code/09_drug_repository/09_6_drexml_tcga/tcga_brca/work/ac/862da5a173ba8e60b0332798481d82
jun-28 22:44:44.333 [Task submitter] INFO  nextflow.Session - [ac/862da5] Submitted process > CIRCUIT_ACTIVITY_GTEX (76)
jun-28 22:44:44.351 [Task submitter] DEBUG nextflow.executor.GridTaskHandler - [SLURM] submitted process CIRCUIT_ACTIVITY_GTEX (78) > jobId: 2039749; workDir: /mnt/lustre/scratch/CBRA/research/projects/tcga_mm/code/09_drug_repository/09_6_drexml_tcga/tcga_brca/work/cf/906159d97c03fc62ac9b196b7b27a8
jun-28 22:44:44.351 [Task submitter] INFO  nextflow.Session - [cf/906159] Submitted process > CIRCUIT_ACTIVITY_GTEX (78)
jun-28 22:44:44.377 [Task submitter] DEBUG nextflow.executor.GridTaskHandler - [SLURM] submitted process CIRCUIT_ACTIVITY_GTEX (79) > jobId: 2039750; workDir: /mnt/lustre/scratch/CBRA/research/projects/tcga_mm/code/09_drug_repository/09_6_drexml_tcga/tcga_brca/work/b7/7279ff6941173fe40aa44de7a78fc0
jun-28 22:44:44.377 [Task submitter] INFO  nextflow.Session - [b7/7279ff] Submitted process > CIRCUIT_ACTIVITY_GTEX (79)
jun-28 22:44:45.716 [Task monitor] DEBUG n.processor.TaskPollingMonitor - Task completed > TaskHandler[jobId: 2039669; id: 6; name: ANNOTATE_HIPATHIA; status: COMPLETED; exit: 0; error: -; workDir: /mnt/lustre/scratch/CBRA/research/projects/tcga_mm/code/09_drug_repository/09_6_drexml_tcga/tcga_brca/work/1d/3e2b81c4a748c6aecadb13734a086b started: 1719607480715; exited: 2024-06-28T20:44:40Z; ]
jun-28 22:45:00.733 [Task monitor] DEBUG n.processor.TaskPollingMonitor - Task completed > TaskHandler[jobId: 2039672; id: 9; name: CIRCUIT_ACTIVITY_GTEX (2); status: COMPLETED; exit: 0; error: -; workDir: /mnt/lustre/scratch/CBRA/research/projects/tcga_mm/code/09_drug_repository/09_6_drexml_tcga/tcga_brca/work/26/35aca9d17d5561e7006c340c1a8b41 started: 1719607490716; exited: 2024-06-28T20:45:00Z; ]
jun-28 22:45:00.747 [Task monitor] DEBUG n.processor.TaskPollingMonitor - Task completed > TaskHandler[jobId: 2039682; id: 19; name: CIRCUIT_ACTIVITY_GTEX (11); status: COMPLETED; exit: 0; error: -; workDir: /mnt/lustre/scratch/CBRA/research/projects/tcga_mm/code/09_drug_repository/09_6_drexml_tcga/tcga_brca/work/08/28966b1415365af1e2d421ac64cc22 started: 1719607485787; exited: 2024-06-28T20:45:00Z; ]
jun-28 22:45:00.787 [Task monitor] DEBUG n.processor.TaskPollingMonitor - Task completed > TaskHandler[jobId: 2039745; id: 82; name: CIRCUIT_ACTIVITY_GTEX (74); status: COMPLETED; exit: 0; error: -; workDir: /mnt/lustre/scratch/CBRA/research/projects/tcga_mm/code/09_drug_repository/09_6_drexml_tcga/tcga_brca/work/5a/f7d746bd46d314ebc5c0948991c0fd started: 1719607490992; exited: 2024-06-28T20:45:00Z; ]
jun-28 22:45:00.790 [Task monitor] DEBUG n.processor.TaskPollingMonitor - Task completed > TaskHandler[jobId: 2039746; id: 83; name: CIRCUIT_ACTIVITY_GTEX (75); status: COMPLETED; exit: 0; error: -; workDir: /mnt/lustre/scratch/CBRA/research/projects/tcga_mm/code/09_drug_repository/09_6_drexml_tcga/tcga_brca/work/2a/b57fe387f88898c63eaf0c92797134 started: 1719607485852; exited: 2024-06-28T20:45:00Z; ]
jun-28 22:45:05.717 [Task monitor] DEBUG n.processor.TaskPollingMonitor - Task completed > TaskHandler[jobId: 2039673; id: 10; name: CIRCUIT_ACTIVITY_GTEX (3); status: COMPLETED; exit: 0; error: -; workDir: /mnt/lustre/scratch/CBRA/research/projects/tcga_mm/code/09_drug_repository/09_6_drexml_tcga/tcga_brca/work/4e/8211ef3191122f57eda515149c4a4b started: 1719607485730; exited: 2024-06-28T20:45:02Z; ]
jun-28 22:45:05.719 [Task monitor] DEBUG n.processor.TaskPollingMonitor - Task completed > TaskHandler[jobId: 2039674; id: 12; name: CIRCUIT_ACTIVITY_GTEX (4); status: COMPLETED; exit: 0; error: -; workDir: /mnt/lustre/scratch/CBRA/research/projects/tcga_mm/code/09_drug_repository/09_6_drexml_tcga/tcga_brca/work/8e/e88c8bd54724bb8f20d21f403bfefe started: 1719607485734; exited: 2024-06-28T20:45:01Z; ]
jun-28 22:45:05.723 [Task monitor] DEBUG n.processor.TaskPollingMonitor - Task completed > TaskHandler[jobId: 2039676; id: 13; name: CIRCUIT_ACTIVITY_GTEX (5); status: COMPLETED; exit: 0; error: -; workDir: /mnt/lustre/scratch/CBRA/research/projects/tcga_mm/code/09_drug_repository/09_6_drexml_tcga/tcga_brca/work/39/70122e9c9b39e1a74e4bdc4ce498e3 started: 1719607490730; exited: 2024-06-28T20:45:01Z; ]
jun-28 22:45:05.743 [Task monitor] DEBUG n.processor.TaskPollingMonitor - Task completed > TaskHandler[jobId: 2039677; id: 14; name: CIRCUIT_ACTIVITY_GTEX (6); status: COMPLETED; exit: 0; error: -; workDir: /mnt/lustre/scratch/CBRA/research/projects/tcga_mm/code/09_drug_repository/09_6_drexml_tcga/tcga_brca/work/dd/fb272add8167ff4344ad2cd9087680 started: 1719607490738; exited: 2024-06-28T20:45:01Z; ]
jun-28 22:45:05.750 [Task monitor] DEBUG n.processor.TaskPollingMonitor - Task completed > TaskHandler[jobId: 2039678; id: 16; name: CIRCUIT_ACTIVITY_GTEX (8); status: COMPLETED; exit: 0; error: -; workDir: /mnt/lustre/scratch/CBRA/research/projects/tcga_mm/code/09_drug_repository/09_6_drexml_tcga/tcga_brca/work/b5/4a3e3467a0386005458a9ac07ff5cf started: 1719607490740; exited: 2024-06-28T20:45:03Z; ]
jun-28 22:45:05.752 [Task monitor] DEBUG n.processor.TaskPollingMonitor - Task completed > TaskHandler[jobId: 2039679; id: 15; name: CIRCUIT_ACTIVITY_GTEX (7); status: COMPLETED; exit: 0; error: -; workDir: /mnt/lustre/scratch/CBRA/research/projects/tcga_mm/code/09_drug_repository/09_6_drexml_tcga/tcga_brca/work/d1/3ea3d693dabad6578cc196d34e3575 started: 1719607485739; exited: 2024-06-28T20:45:01Z; ]
jun-28 22:45:05.775 [Task monitor] DEBUG n.processor.TaskPollingMonitor - Task completed > TaskHandler[jobId: 2039680; id: 18; name: CIRCUIT_ACTIVITY_GTEX (10); status: COMPLETED; exit: 0; error: -; workDir: /mnt/lustre/scratch/CBRA/research/projects/tcga_mm/code/09_drug_repository/09_6_drexml_tcga/tcga_brca/work/61/c31c0ee524a8c8326c7be086a4f6e2 started: 1719607485764; exited: 2024-06-28T20:45:02Z; ]
jun-28 22:45:05.778 [Task monitor] DEBUG n.processor.TaskPollingMonitor - Task completed > TaskHandler[jobId: 2039681; id: 17; name: CIRCUIT_ACTIVITY_GTEX (9); status: COMPLETED; exit: 0; error: -; workDir: /mnt/lustre/scratch/CBRA/research/projects/tcga_mm/code/09_drug_repository/09_6_drexml_tcga/tcga_brca/work/eb/f6331e0b9545f4130dacb295eac96e started: 1719607490744; exited: 2024-06-28T20:45:02Z; ]
jun-28 22:45:05.788 [Task monitor] DEBUG n.processor.TaskPollingMonitor - Task completed > TaskHandler[jobId: 2039683; id: 20; name: CIRCUIT_ACTIVITY_GTEX (12); status: COMPLETED; exit: 0; error: -; workDir: /mnt/lustre/scratch/CBRA/research/projects/tcga_mm/code/09_drug_repository/09_6_drexml_tcga/tcga_brca/work/a3/f132d13b555c5259d032592c0cd9d5 started: 1719607490747; exited: 2024-06-28T20:45:01Z; ]
jun-28 22:45:05.795 [Task monitor] DEBUG n.processor.TaskPollingMonitor - Task completed > TaskHandler[jobId: 2039684; id: 22; name: CIRCUIT_ACTIVITY_GTEX (14); status: COMPLETED; exit: 0; error: -; workDir: /mnt/lustre/scratch/CBRA/research/projects/tcga_mm/code/09_drug_repository/09_6_drexml_tcga/tcga_brca/work/06/72ea5fe57ed7a35e7d52c433ee2e24 started: 1719607490748; exited: 2024-06-28T20:45:04Z; ]
jun-28 22:45:05.809 [Task monitor] DEBUG n.processor.TaskPollingMonitor - Task completed > TaskHandler[jobId: 2039685; id: 21; name: CIRCUIT_ACTIVITY_GTEX (13); status: COMPLETED; exit: 0; error: -; workDir: /mnt/lustre/scratch/CBRA/research/projects/tcga_mm/code/09_drug_repository/09_6_drexml_tcga/tcga_brca/work/51/83f6ff70061efb78f7093ffe665c40 started: 1719607490750; exited: 2024-06-28T20:45:02Z; ]
jun-28 22:45:05.815 [Task monitor] DEBUG n.processor.TaskPollingMonitor - Task completed > TaskHandler[jobId: 2039686; id: 24; name: CIRCUIT_ACTIVITY_GTEX (16); status: COMPLETED; exit: 0; error: -; workDir: /mnt/lustre/scratch/CBRA/research/projects/tcga_mm/code/09_drug_repository/09_6_drexml_tcga/tcga_brca/work/ca/b831758e65b9ebfa6a749dfb9d547c started: 1719607490754; exited: 2024-06-28T20:45:02Z; ]
jun-28 22:45:05.857 [Task monitor] DEBUG n.processor.TaskPollingMonitor - Task completed > TaskHandler[jobId: 2039687; id: 23; name: CIRCUIT_ACTIVITY_GTEX (15); status: COMPLETED; exit: 0; error: -; workDir: /mnt/lustre/scratch/CBRA/research/projects/tcga_mm/code/09_drug_repository/09_6_drexml_tcga/tcga_brca/work/8f/cfdc1c869454372b42dcb6644b7ed2 started: 1719607490755; exited: 2024-06-28T20:45:04Z; ]
jun-28 22:45:05.864 [Task monitor] DEBUG n.processor.TaskPollingMonitor - Task completed > TaskHandler[jobId: 2039688; id: 25; name: CIRCUIT_ACTIVITY_GTEX (17); status: COMPLETED; exit: 0; error: -; workDir: /mnt/lustre/scratch/CBRA/research/projects/tcga_mm/code/09_drug_repository/09_6_drexml_tcga/tcga_brca/work/7b/74e5f3a8592191aaefa3ed04635525 started: 1719607490757; exited: 2024-06-28T20:45:01Z; ]
jun-28 22:45:05.892 [Task monitor] DEBUG n.processor.TaskPollingMonitor - Task completed > TaskHandler[jobId: 2039689; id: 26; name: CIRCUIT_ACTIVITY_GTEX (18); status: COMPLETED; exit: 0; error: -; workDir: /mnt/lustre/scratch/CBRA/research/projects/tcga_mm/code/09_drug_repository/09_6_drexml_tcga/tcga_brca/work/83/f9a4eee659291779f132c441aac2ea started: 1719607490761; exited: 2024-06-28T20:45:03Z; ]
jun-28 22:45:05.896 [Task monitor] DEBUG n.processor.TaskPollingMonitor - Task completed > TaskHandler[jobId: 2039690; id: 27; name: CIRCUIT_ACTIVITY_GTEX (19); status: COMPLETED; exit: 0; error: -; workDir: /mnt/lustre/scratch/CBRA/research/projects/tcga_mm/code/09_drug_repository/09_6_drexml_tcga/tcga_brca/work/7f/280065c95bb2cc7f2ea5e16b78700e started: 1719607490764; exited: 2024-06-28T20:45:04Z; ]
jun-28 22:45:05.904 [Task monitor] DEBUG n.processor.TaskPollingMonitor - Task completed > TaskHandler[jobId: 2039691; id: 28; name: CIRCUIT_ACTIVITY_GTEX (20); status: COMPLETED; exit: 0; error: -; workDir: /mnt/lustre/scratch/CBRA/research/projects/tcga_mm/code/09_drug_repository/09_6_drexml_tcga/tcga_brca/work/2b/fc46249abbbe7002bfee701099ea8c started: 1719607490765; exited: 2024-06-28T20:45:01Z; ]
jun-28 22:45:05.909 [Task monitor] DEBUG n.processor.TaskPollingMonitor - Task completed > TaskHandler[jobId: 2039692; id: 29; name: CIRCUIT_ACTIVITY_GTEX (21); status: COMPLETED; exit: 0; error: -; workDir: /mnt/lustre/scratch/CBRA/research/projects/tcga_mm/code/09_drug_repository/09_6_drexml_tcga/tcga_brca/work/3a/d37918b8b8db2c9673d1c55545a9a5 started: 1719607490767; exited: 2024-06-28T20:45:01Z; ]
jun-28 22:45:05.914 [Task monitor] DEBUG n.processor.TaskPollingMonitor - Task completed > TaskHandler[jobId: 2039693; id: 30; name: CIRCUIT_ACTIVITY_GTEX (22); status: COMPLETED; exit: 0; error: -; workDir: /mnt/lustre/scratch/CBRA/research/projects/tcga_mm/code/09_drug_repository/09_6_drexml_tcga/tcga_brca/work/65/ae447b380df173b2c1e19662a1dd58 started: 1719607485802; exited: 2024-06-28T20:45:02Z; ]
jun-28 22:45:05.921 [Task monitor] DEBUG n.processor.TaskPollingMonitor - Task completed > TaskHandler[jobId: 2039694; id: 32; name: CIRCUIT_ACTIVITY_GTEX (24); status: COMPLETED; exit: 0; error: -; workDir: /mnt/lustre/scratch/CBRA/research/projects/tcga_mm/code/09_drug_repository/09_6_drexml_tcga/tcga_brca/work/3c/9036be62d47e248bc1585f16ba2c8f started: 1719607490768; exited: 2024-06-28T20:45:01Z; ]
jun-28 22:45:05.928 [Task monitor] DEBUG n.processor.TaskPollingMonitor - Task completed > TaskHandler[jobId: 2039695; id: 31; name: CIRCUIT_ACTIVITY_GTEX (23); status: COMPLETED; exit: 0; error: -; workDir: /mnt/lustre/scratch/CBRA/research/projects/tcga_mm/code/09_drug_repository/09_6_drexml_tcga/tcga_brca/work/3e/c07116509f9da04d7018763bded3f1 started: 1719607490770; exited: 2024-06-28T20:45:01Z; ]
jun-28 22:45:05.954 [Task monitor] DEBUG n.processor.TaskPollingMonitor - Task completed > TaskHandler[jobId: 2039696; id: 33; name: CIRCUIT_ACTIVITY_GTEX (25); status: COMPLETED; exit: 0; error: -; workDir: /mnt/lustre/scratch/CBRA/research/projects/tcga_mm/code/09_drug_repository/09_6_drexml_tcga/tcga_brca/work/71/65785ed77ae99f4b3818194259c296 started: 1719607490771; exited: 2024-06-28T20:45:01Z; ]
jun-28 22:45:05.970 [Task monitor] DEBUG n.processor.TaskPollingMonitor - Task completed > TaskHandler[jobId: 2039697; id: 34; name: CIRCUIT_ACTIVITY_GTEX (26); status: COMPLETED; exit: 0; error: -; workDir: /mnt/lustre/scratch/CBRA/research/projects/tcga_mm/code/09_drug_repository/09_6_drexml_tcga/tcga_brca/work/3b/c8d0c596872d9d4ee3a68184468a74 started: 1719607490773; exited: 2024-06-28T20:45:01Z; ]
jun-28 22:45:05.981 [Task monitor] DEBUG n.processor.TaskPollingMonitor - Task completed > TaskHandler[jobId: 2039698; id: 35; name: CIRCUIT_ACTIVITY_GTEX (27); status: COMPLETED; exit: 0; error: -; workDir: /mnt/lustre/scratch/CBRA/research/projects/tcga_mm/code/09_drug_repository/09_6_drexml_tcga/tcga_brca/work/0e/44ca0b2099f9b11c33860719fb98d9 started: 1719607490781; exited: 2024-06-28T20:45:01Z; ]
jun-28 22:45:05.987 [Task monitor] DEBUG n.processor.TaskPollingMonitor - Task completed > TaskHandler[jobId: 2039699; id: 36; name: CIRCUIT_ACTIVITY_GTEX (28); status: COMPLETED; exit: 0; error: -; workDir: /mnt/lustre/scratch/CBRA/research/projects/tcga_mm/code/09_drug_repository/09_6_drexml_tcga/tcga_brca/work/cc/757c9285b67fa4896defc092903602 started: 1719607490783; exited: 2024-06-28T20:45:01Z; ]
jun-28 22:45:05.992 [Task monitor] DEBUG n.processor.TaskPollingMonitor - Task completed > TaskHandler[jobId: 2039700; id: 38; name: CIRCUIT_ACTIVITY_GTEX (30); status: COMPLETED; exit: 0; error: -; workDir: /mnt/lustre/scratch/CBRA/research/projects/tcga_mm/code/09_drug_repository/09_6_drexml_tcga/tcga_brca/work/e9/b0a23db7d0fe2c94ef8ce65f945ecf started: 1719607490785; exited: 2024-06-28T20:45:02Z; ]
jun-28 22:45:05.998 [Task monitor] DEBUG n.processor.TaskPollingMonitor - Task completed > TaskHandler[jobId: 2039701; id: 37; name: CIRCUIT_ACTIVITY_GTEX (29); status: COMPLETED; exit: 0; error: -; workDir: /mnt/lustre/scratch/CBRA/research/projects/tcga_mm/code/09_drug_repository/09_6_drexml_tcga/tcga_brca/work/7e/be93fe6cbfac35a9aded64e4959f53 started: 1719607490787; exited: 2024-06-28T20:45:02Z; ]
jun-28 22:45:06.015 [Task monitor] DEBUG n.processor.TaskPollingMonitor - Task completed > TaskHandler[jobId: 2039702; id: 40; name: CIRCUIT_ACTIVITY_GTEX (32); status: COMPLETED; exit: 0; error: -; workDir: /mnt/lustre/scratch/CBRA/research/projects/tcga_mm/code/09_drug_repository/09_6_drexml_tcga/tcga_brca/work/48/73745adfa235555d88272b50cacd14 started: 1719607490788; exited: 2024-06-28T20:45:04Z; ]
jun-28 22:45:06.022 [Task monitor] DEBUG n.processor.TaskPollingMonitor - Task completed > TaskHandler[jobId: 2039703; id: 39; name: CIRCUIT_ACTIVITY_GTEX (31); status: COMPLETED; exit: 0; error: -; workDir: /mnt/lustre/scratch/CBRA/research/projects/tcga_mm/code/09_drug_repository/09_6_drexml_tcga/tcga_brca/work/1c/62409de56f4037444cd890bafde4a4 started: 1719607490790; exited: 2024-06-28T20:45:01Z; ]
jun-28 22:45:06.036 [Task monitor] DEBUG n.processor.TaskPollingMonitor - Task completed > TaskHandler[jobId: 2039704; id: 41; name: CIRCUIT_ACTIVITY_GTEX (33); status: COMPLETED; exit: 0; error: -; workDir: /mnt/lustre/scratch/CBRA/research/projects/tcga_mm/code/09_drug_repository/09_6_drexml_tcga/tcga_brca/work/51/7d650fa360f46702d97b3739b69287 started: 1719607490791; exited: 2024-06-28T20:45:02Z; ]
jun-28 22:45:06.040 [Task monitor] DEBUG n.processor.TaskPollingMonitor - Task completed > TaskHandler[jobId: 2039705; id: 42; name: CIRCUIT_ACTIVITY_GTEX (34); status: COMPLETED; exit: 0; error: -; workDir: /mnt/lustre/scratch/CBRA/research/projects/tcga_mm/code/09_drug_repository/09_6_drexml_tcga/tcga_brca/work/f4/842791282761ea5bdf8332e7040fa1 started: 1719607490793; exited: 2024-06-28T20:45:02Z; ]
jun-28 22:45:06.052 [Task monitor] DEBUG n.processor.TaskPollingMonitor - Task completed > TaskHandler[jobId: 2039706; id: 44; name: CIRCUIT_ACTIVITY_GTEX (36); status: COMPLETED; exit: 0; error: -; workDir: /mnt/lustre/scratch/CBRA/research/projects/tcga_mm/code/09_drug_repository/09_6_drexml_tcga/tcga_brca/work/7a/ba221c125794f22b1bedcdec232cde started: 1719607485807; exited: 2024-06-28T20:45:01Z; ]
jun-28 22:45:06.071 [Task monitor] DEBUG n.processor.TaskPollingMonitor - Task completed > TaskHandler[jobId: 2039707; id: 43; name: CIRCUIT_ACTIVITY_GTEX (35); status: COMPLETED; exit: 0; error: -; workDir: /mnt/lustre/scratch/CBRA/research/projects/tcga_mm/code/09_drug_repository/09_6_drexml_tcga/tcga_brca/work/d9/9f011b350cf344c04c135cbeb3ac5c started: 1719607490795; exited: 2024-06-28T20:45:01Z; ]
jun-28 22:45:06.091 [Task monitor] DEBUG n.processor.TaskPollingMonitor - Task completed > TaskHandler[jobId: 2039708; id: 45; name: CIRCUIT_ACTIVITY_GTEX (37); status: COMPLETED; exit: 0; error: -; workDir: /mnt/lustre/scratch/CBRA/research/projects/tcga_mm/code/09_drug_repository/09_6_drexml_tcga/tcga_brca/work/c2/ba2fa2e72bd50b0a4bd789d3b9929a started: 1719607490796; exited: 2024-06-28T20:45:02Z; ]
jun-28 22:45:06.122 [Task monitor] DEBUG n.processor.TaskPollingMonitor - Task completed > TaskHandler[jobId: 2039709; id: 46; name: CIRCUIT_ACTIVITY_GTEX (38); status: COMPLETED; exit: 0; error: -; workDir: /mnt/lustre/scratch/CBRA/research/projects/tcga_mm/code/09_drug_repository/09_6_drexml_tcga/tcga_brca/work/15/e2ff06d8b9d396d7880fbf15106525 started: 1719607490798; exited: 2024-06-28T20:45:02Z; ]
jun-28 22:45:06.129 [Task monitor] DEBUG n.processor.TaskPollingMonitor - Task completed > TaskHandler[jobId: 2039710; id: 48; name: CIRCUIT_ACTIVITY_GTEX (40); status: COMPLETED; exit: 0; error: -; workDir: /mnt/lustre/scratch/CBRA/research/projects/tcga_mm/code/09_drug_repository/09_6_drexml_tcga/tcga_brca/work/de/0fc19fcb2231ad876ff34a194396f6 started: 1719607490808; exited: 2024-06-28T20:45:02Z; ]
jun-28 22:45:06.151 [Task monitor] DEBUG n.processor.TaskPollingMonitor - Task completed > TaskHandler[jobId: 2039711; id: 47; name: CIRCUIT_ACTIVITY_GTEX (39); status: COMPLETED; exit: 0; error: -; workDir: /mnt/lustre/scratch/CBRA/research/projects/tcga_mm/code/09_drug_repository/09_6_drexml_tcga/tcga_brca/work/b6/23acd819c8bb902a33b973cb53a924 started: 1719607490829; exited: 2024-06-28T20:45:02Z; ]
jun-28 22:45:06.167 [Task monitor] DEBUG n.processor.TaskPollingMonitor - Task completed > TaskHandler[jobId: 2039712; id: 49; name: CIRCUIT_ACTIVITY_GTEX (41); status: COMPLETED; exit: 0; error: -; workDir: /mnt/lustre/scratch/CBRA/research/projects/tcga_mm/code/09_drug_repository/09_6_drexml_tcga/tcga_brca/work/31/2e2651397e07af703e74033f31212c started: 1719607490831; exited: 2024-06-28T20:45:02Z; ]
jun-28 22:45:06.198 [Task monitor] DEBUG n.processor.TaskPollingMonitor - Task completed > TaskHandler[jobId: 2039713; id: 50; name: CIRCUIT_ACTIVITY_GTEX (42); status: COMPLETED; exit: 0; error: -; workDir: /mnt/lustre/scratch/CBRA/research/projects/tcga_mm/code/09_drug_repository/09_6_drexml_tcga/tcga_brca/work/ae/1523265ebf11846c02a56a8c669f27 started: 1719607490833; exited: 2024-06-28T20:45:01Z; ]
jun-28 22:45:06.203 [Task monitor] DEBUG n.processor.TaskPollingMonitor - Task completed > TaskHandler[jobId: 2039714; id: 51; name: CIRCUIT_ACTIVITY_GTEX (43); status: COMPLETED; exit: 0; error: -; workDir: /mnt/lustre/scratch/CBRA/research/projects/tcga_mm/code/09_drug_repository/09_6_drexml_tcga/tcga_brca/work/3d/5e8175d57f6fa2d231072b729d9f14 started: 1719607490834; exited: 2024-06-28T20:45:02Z; ]
jun-28 22:45:06.208 [Task monitor] DEBUG n.processor.TaskPollingMonitor - Task completed > TaskHandler[jobId: 2039715; id: 52; name: CIRCUIT_ACTIVITY_GTEX (44); status: COMPLETED; exit: 0; error: -; workDir: /mnt/lustre/scratch/CBRA/research/projects/tcga_mm/code/09_drug_repository/09_6_drexml_tcga/tcga_brca/work/ab/74354b9e7bec71ef9f4c2a1d16a324 started: 1719607490836; exited: 2024-06-28T20:45:02Z; ]
jun-28 22:45:06.214 [Task monitor] DEBUG n.processor.TaskPollingMonitor - Task completed > TaskHandler[jobId: 2039716; id: 54; name: CIRCUIT_ACTIVITY_GTEX (46); status: COMPLETED; exit: 0; error: -; workDir: /mnt/lustre/scratch/CBRA/research/projects/tcga_mm/code/09_drug_repository/09_6_drexml_tcga/tcga_brca/work/11/ab66d34dd0f8b9d2c158aeef84946a started: 1719607490839; exited: 2024-06-28T20:45:03Z; ]
jun-28 22:45:06.219 [Task monitor] DEBUG n.processor.TaskPollingMonitor - Task completed > TaskHandler[jobId: 2039717; id: 53; name: CIRCUIT_ACTIVITY_GTEX (45); status: COMPLETED; exit: 0; error: -; workDir: /mnt/lustre/scratch/CBRA/research/projects/tcga_mm/code/09_drug_repository/09_6_drexml_tcga/tcga_brca/work/7c/3fdb4ade4d4646ed819bf42d359561 started: 1719607490840; exited: 2024-06-28T20:45:02Z; ]
jun-28 22:45:06.223 [Task monitor] DEBUG n.processor.TaskPollingMonitor - Task completed > TaskHandler[jobId: 2039718; id: 55; name: CIRCUIT_ACTIVITY_GTEX (47); status: COMPLETED; exit: 0; error: -; workDir: /mnt/lustre/scratch/CBRA/research/projects/tcga_mm/code/09_drug_repository/09_6_drexml_tcga/tcga_brca/work/4b/010909bde368a0ea84c3ccd13b2b2a started: 1719607490848; exited: 2024-06-28T20:45:02Z; ]
jun-28 22:45:06.230 [Task monitor] DEBUG n.processor.TaskPollingMonitor - Task completed > TaskHandler[jobId: 2039719; id: 56; name: CIRCUIT_ACTIVITY_GTEX (48); status: COMPLETED; exit: 0; error: -; workDir: /mnt/lustre/scratch/CBRA/research/projects/tcga_mm/code/09_drug_repository/09_6_drexml_tcga/tcga_brca/work/1f/1d84cf39954ece80b73856e9ba28ce started: 1719607490850; exited: 2024-06-28T20:45:03Z; ]
jun-28 22:45:06.236 [Task monitor] DEBUG n.processor.TaskPollingMonitor - Task completed > TaskHandler[jobId: 2039720; id: 57; name: CIRCUIT_ACTIVITY_GTEX (49); status: COMPLETED; exit: 0; error: -; workDir: /mnt/lustre/scratch/CBRA/research/projects/tcga_mm/code/09_drug_repository/09_6_drexml_tcga/tcga_brca/work/3a/1b001febbcac3613cd130ec6cd1955 started: 1719607490851; exited: 2024-06-28T20:45:05Z; ]
jun-28 22:45:06.241 [Task monitor] DEBUG n.processor.TaskPollingMonitor - Task completed > TaskHandler[jobId: 2039721; id: 58; name: CIRCUIT_ACTIVITY_GTEX (50); status: COMPLETED; exit: 0; error: -; workDir: /mnt/lustre/scratch/CBRA/research/projects/tcga_mm/code/09_drug_repository/09_6_drexml_tcga/tcga_brca/work/4f/f03b9d6b4dd83f45b0ad6b43d3b341 started: 1719607490852; exited: 2024-06-28T20:45:05Z; ]
jun-28 22:45:06.244 [Task monitor] DEBUG n.processor.TaskPollingMonitor - Task completed > TaskHandler[jobId: 2039722; id: 59; name: CIRCUIT_ACTIVITY_GTEX (51); status: COMPLETED; exit: 0; error: -; workDir: /mnt/lustre/scratch/CBRA/research/projects/tcga_mm/code/09_drug_repository/09_6_drexml_tcga/tcga_brca/work/d9/d7bb0a709a257164c1b2cd47509e70 started: 1719607490863; exited: 2024-06-28T20:45:05Z; ]
jun-28 22:45:06.255 [Task monitor] DEBUG n.processor.TaskPollingMonitor - Task completed > TaskHandler[jobId: 2039723; id: 60; name: CIRCUIT_ACTIVITY_GTEX (52); status: COMPLETED; exit: 0; error: -; workDir: /mnt/lustre/scratch/CBRA/research/projects/tcga_mm/code/09_drug_repository/09_6_drexml_tcga/tcga_brca/work/8a/d4c1acd7bb31246379f3dcb322aec9 started: 1719607490873; exited: 2024-06-28T20:45:05Z; ]
jun-28 22:45:06.260 [Task monitor] DEBUG n.processor.TaskPollingMonitor - Task completed > TaskHandler[jobId: 2039725; id: 62; name: CIRCUIT_ACTIVITY_GTEX (54); status: COMPLETED; exit: 0; error: -; workDir: /mnt/lustre/scratch/CBRA/research/projects/tcga_mm/code/09_drug_repository/09_6_drexml_tcga/tcga_brca/work/88/622959d77674197ba6a0809e3ee586 started: 1719607490898; exited: 2024-06-28T20:45:01Z; ]
jun-28 22:45:06.264 [Task monitor] DEBUG n.processor.TaskPollingMonitor - Task completed > TaskHandler[jobId: 2039726; id: 63; name: CIRCUIT_ACTIVITY_GTEX (55); status: COMPLETED; exit: 0; error: -; workDir: /mnt/lustre/scratch/CBRA/research/projects/tcga_mm/code/09_drug_repository/09_6_drexml_tcga/tcga_brca/work/25/b13a47c38ccac0b3fb900b0e55a47c started: 1719607490920; exited: 2024-06-28T20:45:01Z; ]
jun-28 22:45:06.268 [Task monitor] DEBUG n.processor.TaskPollingMonitor - Task completed > TaskHandler[jobId: 2039727; id: 64; name: CIRCUIT_ACTIVITY_GTEX (56); status: COMPLETED; exit: 0; error: -; workDir: /mnt/lustre/scratch/CBRA/research/projects/tcga_mm/code/09_drug_repository/09_6_drexml_tcga/tcga_brca/work/07/7d89be33c15969af59634d479e519a started: 1719607490937; exited: 2024-06-28T20:45:01Z; ]
jun-28 22:45:06.272 [Task monitor] DEBUG n.processor.TaskPollingMonitor - Task completed > TaskHandler[jobId: 2039728; id: 65; name: CIRCUIT_ACTIVITY_GTEX (57); status: COMPLETED; exit: 0; error: -; workDir: /mnt/lustre/scratch/CBRA/research/projects/tcga_mm/code/09_drug_repository/09_6_drexml_tcga/tcga_brca/work/8a/1d3876eb0f909a6d274df2d3763a86 started: 1719607490949; exited: 2024-06-28T20:45:01Z; ]
jun-28 22:45:06.280 [Task monitor] DEBUG n.processor.TaskPollingMonitor - Task completed > TaskHandler[jobId: 2039730; id: 66; name: CIRCUIT_ACTIVITY_GTEX (58); status: COMPLETED; exit: 0; error: -; workDir: /mnt/lustre/scratch/CBRA/research/projects/tcga_mm/code/09_drug_repository/09_6_drexml_tcga/tcga_brca/work/e3/c49f2144daaba3ea6a0c7c30870096 started: 1719607490954; exited: 2024-06-28T20:45:02Z; ]
jun-28 22:45:06.285 [Task monitor] DEBUG n.processor.TaskPollingMonitor - Task completed > TaskHandler[jobId: 2039731; id: 68; name: CIRCUIT_ACTIVITY_GTEX (60); status: COMPLETED; exit: 0; error: -; workDir: /mnt/lustre/scratch/CBRA/research/projects/tcga_mm/code/09_drug_repository/09_6_drexml_tcga/tcga_brca/work/51/e7fc4c89e7781511f165df8517bf2d started: 1719607490955; exited: 2024-06-28T20:45:02Z; ]
jun-28 22:45:06.288 [Task monitor] DEBUG n.processor.TaskPollingMonitor - Task completed > TaskHandler[jobId: 2039732; id: 69; name: CIRCUIT_ACTIVITY_GTEX (61); status: COMPLETED; exit: 0; error: -; workDir: /mnt/lustre/scratch/CBRA/research/projects/tcga_mm/code/09_drug_repository/09_6_drexml_tcga/tcga_brca/work/e6/8a8fa850a1304bcee0659d98d1868e started: 1719607490958; exited: 2024-06-28T20:45:02Z; ]
jun-28 22:45:06.293 [Task monitor] DEBUG n.processor.TaskPollingMonitor - Task completed > TaskHandler[jobId: 2039733; id: 70; name: CIRCUIT_ACTIVITY_GTEX (62); status: COMPLETED; exit: 0; error: -; workDir: /mnt/lustre/scratch/CBRA/research/projects/tcga_mm/code/09_drug_repository/09_6_drexml_tcga/tcga_brca/work/d4/857cb2c082fe46ab2a764f95a537bd started: 1719607490960; exited: 2024-06-28T20:45:03Z; ]
jun-28 22:45:06.298 [Task monitor] DEBUG n.processor.TaskPollingMonitor - Task completed > TaskHandler[jobId: 2039734; id: 71; name: CIRCUIT_ACTIVITY_GTEX (63); status: COMPLETED; exit: 0; error: -; workDir: /mnt/lustre/scratch/CBRA/research/projects/tcga_mm/code/09_drug_repository/09_6_drexml_tcga/tcga_brca/work/d4/fc52e5f472a08954e692bb117aac4b started: 1719607490961; exited: 2024-06-28T20:45:02Z; ]
jun-28 22:45:06.304 [Task monitor] DEBUG n.processor.TaskPollingMonitor - Task completed > TaskHandler[jobId: 2039735; id: 72; name: CIRCUIT_ACTIVITY_GTEX (64); status: COMPLETED; exit: 0; error: -; workDir: /mnt/lustre/scratch/CBRA/research/projects/tcga_mm/code/09_drug_repository/09_6_drexml_tcga/tcga_brca/work/9c/f1aec8a402f096a0713f28c8541dab started: 1719607490962; exited: 2024-06-28T20:45:03Z; ]
jun-28 22:45:06.308 [Task monitor] DEBUG n.processor.TaskPollingMonitor - Task completed > TaskHandler[jobId: 2039736; id: 73; name: CIRCUIT_ACTIVITY_GTEX (65); status: COMPLETED; exit: 0; error: -; workDir: /mnt/lustre/scratch/CBRA/research/projects/tcga_mm/code/09_drug_repository/09_6_drexml_tcga/tcga_brca/work/9b/363eb39b455a1542ffb178da2e3928 started: 1719607490964; exited: 2024-06-28T20:45:04Z; ]
jun-28 22:45:06.312 [Task monitor] DEBUG n.processor.TaskPollingMonitor - Task completed > TaskHandler[jobId: 2039737; id: 74; name: CIRCUIT_ACTIVITY_GTEX (66); status: COMPLETED; exit: 0; error: -; workDir: /mnt/lustre/scratch/CBRA/research/projects/tcga_mm/code/09_drug_repository/09_6_drexml_tcga/tcga_brca/work/7c/30822fa85956dda230c01096f67112 started: 1719607490966; exited: 2024-06-28T20:45:02Z; ]
jun-28 22:45:06.317 [Task monitor] DEBUG n.processor.TaskPollingMonitor - Task completed > TaskHandler[jobId: 2039738; id: 75; name: CIRCUIT_ACTIVITY_GTEX (67); status: COMPLETED; exit: 0; error: -; workDir: /mnt/lustre/scratch/CBRA/research/projects/tcga_mm/code/09_drug_repository/09_6_drexml_tcga/tcga_brca/work/d6/591490aea66001d8b7d262884a6454 started: 1719607490980; exited: 2024-06-28T20:45:02Z; ]
jun-28 22:45:06.322 [Task monitor] DEBUG n.processor.TaskPollingMonitor - Task completed > TaskHandler[jobId: 2039739; id: 76; name: CIRCUIT_ACTIVITY_GTEX (68); status: COMPLETED; exit: 0; error: -; workDir: /mnt/lustre/scratch/CBRA/research/projects/tcga_mm/code/09_drug_repository/09_6_drexml_tcga/tcga_brca/work/0e/afed52d8fd2afe34785a5bf7c81559 started: 1719607490983; exited: 2024-06-28T20:45:02Z; ]
jun-28 22:45:06.351 [Task monitor] DEBUG n.processor.TaskPollingMonitor - Task completed > TaskHandler[jobId: 2039740; id: 77; name: CIRCUIT_ACTIVITY_GTEX (69); status: COMPLETED; exit: 0; error: -; workDir: /mnt/lustre/scratch/CBRA/research/projects/tcga_mm/code/09_drug_repository/09_6_drexml_tcga/tcga_brca/work/f7/a10d9eb8f93448f0d947e25a05be86 started: 1719607490984; exited: 2024-06-28T20:45:03Z; ]
jun-28 22:45:06.392 [Task monitor] DEBUG n.processor.TaskPollingMonitor - Task completed > TaskHandler[jobId: 2039741; id: 79; name: CIRCUIT_ACTIVITY_GTEX (71); status: COMPLETED; exit: 0; error: -; workDir: /mnt/lustre/scratch/CBRA/research/projects/tcga_mm/code/09_drug_repository/09_6_drexml_tcga/tcga_brca/work/80/f047b93335061a42b8363149931123 started: 1719607490986; exited: 2024-06-28T20:45:00Z; ]
jun-28 22:45:06.416 [Task monitor] DEBUG n.processor.TaskPollingMonitor - Task completed > TaskHandler[jobId: 2039742; id: 78; name: CIRCUIT_ACTIVITY_GTEX (70); status: COMPLETED; exit: 0; error: -; workDir: /mnt/lustre/scratch/CBRA/research/projects/tcga_mm/code/09_drug_repository/09_6_drexml_tcga/tcga_brca/work/4a/afd541e719f0d5bee80f8da2cde13a started: 1719607490987; exited: 2024-06-28T20:45:00Z; ]
jun-28 22:45:06.447 [Task monitor] DEBUG n.processor.TaskPollingMonitor - Task completed > TaskHandler[jobId: 2039743; id: 81; name: CIRCUIT_ACTIVITY_GTEX (73); status: COMPLETED; exit: 0; error: -; workDir: /mnt/lustre/scratch/CBRA/research/projects/tcga_mm/code/09_drug_repository/09_6_drexml_tcga/tcga_brca/work/e6/c4f2c641b5ab63600ff4e038f55247 started: 1719607490989; exited: 2024-06-28T20:45:00Z; ]
jun-28 22:45:06.465 [Task monitor] DEBUG n.processor.TaskPollingMonitor - Task completed > TaskHandler[jobId: 2039744; id: 80; name: CIRCUIT_ACTIVITY_GTEX (72); status: COMPLETED; exit: 0; error: -; workDir: /mnt/lustre/scratch/CBRA/research/projects/tcga_mm/code/09_drug_repository/09_6_drexml_tcga/tcga_brca/work/29/c3b99182ae412581fd0a2414a6dfa0 started: 1719607490990; exited: 2024-06-28T20:45:00Z; ]
jun-28 22:45:10.718 [Task monitor] DEBUG n.processor.TaskPollingMonitor - Task completed > TaskHandler[jobId: 2039671; id: 8; name: CIRCUIT_ACTIVITY_GTEX (1); status: COMPLETED; exit: 0; error: -; workDir: /mnt/lustre/scratch/CBRA/research/projects/tcga_mm/code/09_drug_repository/09_6_drexml_tcga/tcga_brca/work/6e/c7a47dc78e28aef0dad9d0e32f4e08 started: 1719607485718; exited: 2024-06-28T20:45:05Z; ]
jun-28 22:45:10.727 [Task monitor] DEBUG n.processor.TaskPollingMonitor - Task completed > TaskHandler[jobId: 2039724; id: 61; name: CIRCUIT_ACTIVITY_GTEX (53); status: COMPLETED; exit: 0; error: -; workDir: /mnt/lustre/scratch/CBRA/research/projects/tcga_mm/code/09_drug_repository/09_6_drexml_tcga/tcga_brca/work/d2/332ece5a0f5513b9edce1e02ee9f7a started: 1719607490884; exited: 2024-06-28T20:45:08Z; ]
jun-28 22:45:10.738 [Task monitor] DEBUG n.processor.TaskPollingMonitor - Task completed > TaskHandler[jobId: 2039729; id: 67; name: CIRCUIT_ACTIVITY_GTEX (59); status: COMPLETED; exit: 0; error: -; workDir: /mnt/lustre/scratch/CBRA/research/projects/tcga_mm/code/09_drug_repository/09_6_drexml_tcga/tcga_brca/work/b2/1a9b6c094a52a23af26bb3927aefc7 started: 1719607490952; exited: 2024-06-28T20:45:08Z; ]
jun-28 22:45:30.717 [Task monitor] DEBUG n.processor.TaskPollingMonitor - Task completed > TaskHandler[jobId: 2039675; id: 11; name: GTEX_SYMBOL_CONV; status: COMPLETED; exit: 0; error: -; workDir: /mnt/lustre/scratch/CBRA/research/projects/tcga_mm/code/09_drug_repository/09_6_drexml_tcga/tcga_brca/work/ee/aa8c8b82a99bf82b628546abe6d4dc started: 1719607490728; exited: 2024-06-28T20:45:29Z; ]
jun-28 22:45:45.717 [Task monitor] DEBUG n.processor.TaskPollingMonitor - Task completed > TaskHandler[jobId: 2039747; id: 85; name: CIRCUIT_ACTIVITY_GTEX (77); status: COMPLETED; exit: 0; error: -; workDir: /mnt/lustre/scratch/CBRA/research/projects/tcga_mm/code/09_drug_repository/09_6_drexml_tcga/tcga_brca/work/a8/987388de00a4e7d4c1c5b46c3da6ec started: 1719607530721; exited: 2024-06-28T20:45:44Z; ]
jun-28 22:45:45.718 [Task monitor] DEBUG n.processor.TaskPollingMonitor - Task completed > TaskHandler[jobId: 2039748; id: 84; name: CIRCUIT_ACTIVITY_GTEX (76); status: COMPLETED; exit: 0; error: -; workDir: /mnt/lustre/scratch/CBRA/research/projects/tcga_mm/code/09_drug_repository/09_6_drexml_tcga/tcga_brca/work/ac/862da5a173ba8e60b0332798481d82 started: 1719607535717; exited: 2024-06-28T20:45:45Z; ]
jun-28 22:45:50.719 [Task monitor] DEBUG n.processor.TaskPollingMonitor - Task completed > TaskHandler[jobId: 2039749; id: 86; name: CIRCUIT_ACTIVITY_GTEX (78); status: COMPLETED; exit: 0; error: -; workDir: /mnt/lustre/scratch/CBRA/research/projects/tcga_mm/code/09_drug_repository/09_6_drexml_tcga/tcga_brca/work/cf/906159d97c03fc62ac9b196b7b27a8 started: 1719607535719; exited: 2024-06-28T20:45:45Z; ]
jun-28 22:45:50.722 [Task monitor] DEBUG n.processor.TaskPollingMonitor - Task completed > TaskHandler[jobId: 2039750; id: 87; name: CIRCUIT_ACTIVITY_GTEX (79); status: COMPLETED; exit: 0; error: -; workDir: /mnt/lustre/scratch/CBRA/research/projects/tcga_mm/code/09_drug_repository/09_6_drexml_tcga/tcga_brca/work/b7/7279ff6941173fe40aa44de7a78fc0 started: 1719607535721; exited: 2024-06-28T20:45:46Z; ]
jun-28 22:45:51.308 [Task submitter] DEBUG nextflow.executor.GridTaskHandler - [SLURM] submitted process CONCATENATE_CIRCUIT_ACTIVITIES > jobId: 2039751; workDir: /mnt/lustre/scratch/CBRA/research/projects/tcga_mm/code/09_drug_repository/09_6_drexml_tcga/tcga_brca/work/66/4d1419db4828720bd3f7dc45a67986
jun-28 22:45:51.308 [Task submitter] INFO  nextflow.Session - [66/4d1419] Submitted process > CONCATENATE_CIRCUIT_ACTIVITIES
jun-28 22:45:55.720 [Task monitor] DEBUG n.processor.TaskPollingMonitor - Task completed > TaskHandler[jobId: 2039751; id: 88; name: CONCATENATE_CIRCUIT_ACTIVITIES; status: COMPLETED; exit: 0; error: -; workDir: /mnt/lustre/scratch/CBRA/research/projects/tcga_mm/code/09_drug_repository/09_6_drexml_tcga/tcga_brca/work/66/4d1419db4828720bd3f7dc45a67986 started: 1719607555718; exited: 2024-06-28T20:45:54Z; ]
jun-28 22:45:55.875 [Task submitter] DEBUG nextflow.executor.GridTaskHandler - [SLURM] submitted process CREATE_DREXML_ENV (1) > jobId: 2039752; workDir: /mnt/lustre/scratch/CBRA/research/projects/tcga_mm/code/09_drug_repository/09_6_drexml_tcga/tcga_brca/work/e2/cbb3bdc0e5dc397863a3c24bce408a
jun-28 22:45:55.875 [Task submitter] INFO  nextflow.Session - [e2/cbb3bd] Submitted process > CREATE_DREXML_ENV (1)
jun-28 22:46:00.753 [Task monitor] DEBUG n.processor.TaskPollingMonitor - Task completed > TaskHandler[jobId: 2039752; id: 89; name: CREATE_DREXML_ENV (1); status: COMPLETED; exit: 0; error: -; workDir: /mnt/lustre/scratch/CBRA/research/projects/tcga_mm/code/09_drug_repository/09_6_drexml_tcga/tcga_brca/work/e2/cbb3bdc0e5dc397863a3c24bce408a started: 1719607560717; exited: 2024-06-28T20:45:58Z; ]
jun-28 22:46:00.773 [Actor Thread 13] WARN  nextflow.container.SingularityCache - Singularity cache directory has not been defined -- Remote image will be stored in the path: /mnt/lustre/scratch/CBRA/research/projects/tcga_mm/code/09_drug_repository/09_6_drexml_tcga/tcga_brca/work/singularity -- Use the environment variable NXF_SINGULARITY_CACHEDIR to specify a different location
jun-28 22:46:00.773 [Actor Thread 13] INFO  nextflow.container.SingularityCache - Pulling Singularity image docker://dlopezbioinfo/dr-pipeline:drexml-master-1db6105 [cache /mnt/lustre/scratch/CBRA/research/projects/tcga_mm/code/09_drug_repository/09_6_drexml_tcga/tcga_brca/work/singularity/dlopezbioinfo-dr-pipeline-drexml-master-1db6105.img]
jun-28 22:46:02.326 [Actor Thread 13] DEBUG nextflow.container.SingularityCache - Singularity pull complete image=docker://dlopezbioinfo/dr-pipeline:drexml-master-1db6105 path=/mnt/lustre/scratch/CBRA/research/projects/tcga_mm/code/09_drug_repository/09_6_drexml_tcga/tcga_brca/work/singularity/dlopezbioinfo-dr-pipeline-drexml-master-1db6105.img
jun-28 22:46:02.399 [Task submitter] DEBUG nextflow.executor.GridTaskHandler - [SLURM] submitted process RUN_DREXML (1) > jobId: 2039753; workDir: /mnt/lustre/scratch/CBRA/research/projects/tcga_mm/code/09_drug_repository/09_6_drexml_tcga/tcga_brca/work/8e/01b40c004a3b03ba1eda5d7a9d01d1
jun-28 22:46:02.399 [Task submitter] INFO  nextflow.Session - [8e/01b40c] Submitted process > RUN_DREXML (1)
jun-28 22:46:55.718 [Task monitor] DEBUG n.processor.TaskPollingMonitor - !! executor slurm > tasks to be completed: 1 -- submitted tasks are shown below
~> TaskHandler[jobId: 2039753; id: 90; name: RUN_DREXML (1); status: RUNNING; exit: -; error: -; workDir: /mnt/lustre/scratch/CBRA/research/projects/tcga_mm/code/09_drug_repository/09_6_drexml_tcga/tcga_brca/work/8e/01b40c004a3b03ba1eda5d7a9d01d1 started: 1719607565717; exited: -; ]
jun-28 22:50:05.725 [Task monitor] DEBUG n.processor.TaskPollingMonitor - Task completed > TaskHandler[jobId: 2039753; id: 90; name: RUN_DREXML (1); status: COMPLETED; exit: 0; error: -; workDir: /mnt/lustre/scratch/CBRA/research/projects/tcga_mm/code/09_drug_repository/09_6_drexml_tcga/tcga_brca/work/8e/01b40c004a3b03ba1eda5d7a9d01d1 started: 1719607565717; exited: 2024-06-28T20:50:01Z; ]
jun-28 22:50:05.774 [Task submitter] DEBUG nextflow.executor.GridTaskHandler - [SLURM] submitted process PLOT_DREXML (1) > jobId: 2039754; workDir: /mnt/lustre/scratch/CBRA/research/projects/tcga_mm/code/09_drug_repository/09_6_drexml_tcga/tcga_brca/work/dc/4aba39997fd65796fad0bd5af28993
jun-28 22:50:05.774 [Task submitter] INFO  nextflow.Session - [dc/4aba39] Submitted process > PLOT_DREXML (1)
jun-28 22:50:35.723 [Task monitor] DEBUG n.processor.TaskPollingMonitor - Task completed > TaskHandler[jobId: 2039754; id: 91; name: PLOT_DREXML (1); status: COMPLETED; exit: 0; error: -; workDir: /mnt/lustre/scratch/CBRA/research/projects/tcga_mm/code/09_drug_repository/09_6_drexml_tcga/tcga_brca/work/dc/4aba39997fd65796fad0bd5af28993 started: 1719607810722; exited: 2024-06-28T20:50:31Z; ]
jun-28 22:50:35.734 [main] DEBUG nextflow.Session - Session await > all processes finished
jun-28 22:50:40.722 [Task monitor] DEBUG n.processor.TaskPollingMonitor - <<< barrier arrives (monitor: slurm) - terminating tasks monitor poll loop
jun-28 22:50:40.722 [main] DEBUG nextflow.Session - Session await > all barriers passed
jun-28 22:50:40.737 [main] DEBUG nextflow.util.ThreadPoolManager - Thread pool 'TaskFinalizer' shutdown completed (hard=false)
jun-28 22:50:40.738 [main] DEBUG nextflow.util.ThreadPoolManager - Thread pool 'PublishDir' shutdown completed (hard=false)
jun-28 22:50:40.743 [main] DEBUG n.trace.WorkflowStatsObserver - Workflow completed > WorkflowStats[succeededCount=91; failedCount=0; ignoredCount=0; cachedCount=0; pendingCount=0; submittedCount=0; runningCount=0; retriesCount=0; abortedCount=0; succeedDuration=4h 23m 48s; failedDuration=0ms; cachedDuration=0ms;loadCpus=0; loadMemory=0; peakRunning=76; peakCpus=152; peakMemory=2.4 TB; ]
jun-28 22:50:40.743 [main] DEBUG nextflow.trace.TraceFileObserver - Workflow completed -- saving trace file
jun-28 22:50:40.753 [main] DEBUG nextflow.trace.ReportObserver - Workflow completed -- rendering execution report
jun-28 22:50:41.735 [main] DEBUG nextflow.trace.TimelineObserver - Workflow completed -- rendering execution timeline
jun-28 22:50:41.998 [main] WARN  nextflow.dag.GraphvizRenderer - Graphviz is required to render the execution DAG in the given format -- See http://www.graphviz.org for more info.
jun-28 22:50:42.169 [main] DEBUG nextflow.cache.CacheDB - Closing CacheDB done
jun-28 22:50:42.201 [main] DEBUG nextflow.util.ThreadPoolManager - Thread pool 'FileTransfer' shutdown completed (hard=false)
jun-28 22:50:42.202 [main] DEBUG nextflow.script.ScriptRunner - > Execution complete -- Goodbye
